2024-04-07 14:38:50,457 [INFO] Activator:176 - 


2024-04-07 14:38:50,461 [INFO] Activator:177 - !SESSION log4j initialized
2024-04-07 14:39:00,377 [INFO] LogOutputStream:77 - [STDOUT_REDIRECT] 
2024-04-07 14:39:11,100 [INFO] ApplicationProperties:184 - Using Application install path: C:\ST\STM32CubeIDE_1.15.0\STM32CubeIDE\plugins\com.st.stm32cube.common.mx_6.11.0.202403141607
2024-04-07 14:39:11,161 [INFO] DbMcusXml:78 - Set database path to: C:\ST\STM32CubeIDE_1.15.0\STM32CubeIDE\plugins\com.st.stm32cube.common.mx_6.11.0.202403141607\\db\/mcu/
2024-04-07 14:39:11,162 [INFO] ApiDb:274 - Set plugin database path to: C:\ST\STM32CubeIDE_1.15.0\STM32CubeIDE\plugins\com.st.stm32cube.common.mx_6.11.0.202403141607\\db\/plugins/boardmanager/
2024-04-07 14:39:11,164 [WARN] ApiDb:259 - Overriding images path with different value:  => C:\ST\STM32CubeIDE_1.15.0\STM32CubeIDE\plugins\com.st.stm32cube.common.mx_6.11.0.202403141607\\db\/plugins/mcufinder/images/
2024-04-07 14:39:11,226 [INFO] ApiDb:250 - Set database path to: C:\Users\nisha\.stmcufinder\plugins\mcufinder//mcu/
2024-04-07 14:39:11,227 [INFO] DbMcusAds:125 - Set database path to: C:\Users\nisha\.stmcufinder\plugins\mcufinder//mcu/
2024-04-07 14:39:11,230 [INFO] CrossReferenceDbSqlite:203 - Set database path to: C:\Users\nisha\.stmcufinder\plugins\mcufinder//mcu/cs/
2024-04-07 14:39:11,527 [INFO] RulesReader:64 - Compatibility file has been processed (297 Rules)
2024-04-07 14:39:12,159 [INFO] DbMcusXml:78 - Set database path to: C:\ST\STM32CubeIDE_1.15.0\STM32CubeIDE\plugins\com.st.stm32cube.common.mx_6.11.0.202403141607\\db\/mcu/
2024-04-07 14:39:12,159 [INFO] ApiDb:274 - Set plugin database path to: C:\ST\STM32CubeIDE_1.15.0\STM32CubeIDE\plugins\com.st.stm32cube.common.mx_6.11.0.202403141607\\db\/plugins/boardmanager/
2024-04-07 14:39:12,159 [INFO] ApiDb:261 - Set plugin images path to: C:\ST\STM32CubeIDE_1.15.0\STM32CubeIDE\plugins\com.st.stm32cube.common.mx_6.11.0.202403141607\\db\/plugins/mcufinder/images/
2024-04-07 14:39:12,160 [WARN] DbFile:41 - Overriding database path with different value: C:\Users\nisha\.stmcufinder\plugins\mcufinder/ => C:\Users\nisha\.stmcufinder\plugins\mcufinder
2024-04-07 14:39:12,160 [INFO] ApiDb:250 - Set database path to: C:\Users\nisha\.stmcufinder\plugins\mcufinder//mcu/
2024-04-07 14:39:12,160 [WARN] DbFile:41 - Overriding database path with different value: C:\Users\nisha\.stmcufinder\plugins\mcufinder/ => C:\Users\nisha\.stmcufinder\plugins\mcufinder
2024-04-07 14:39:12,160 [INFO] DbMcusAds:125 - Set database path to: C:\Users\nisha\.stmcufinder\plugins\mcufinder//mcu/
2024-04-07 14:39:12,161 [WARN] DbFile:41 - Overriding database path with different value: C:\Users\nisha\.stmcufinder\plugins\mcufinder/ => C:\Users\nisha\.stmcufinder\plugins\mcufinder
2024-04-07 14:39:12,161 [WARN] DbFile:41 - Overriding database path with different value: C:\Users\nisha\.stmcufinder\plugins\mcufinder/ => C:\Users\nisha\.stmcufinder\plugins\mcufinder
2024-04-07 14:39:12,167 [INFO] CrossReferenceDbSqlite:203 - Set database path to: C:\Users\nisha\.stmcufinder\plugins\mcufinder//mcu/cs/
2024-04-07 14:39:12,686 [INFO] MainPanel:264 - HeapMemory: 268435456
2024-04-07 14:39:13,655 [INFO] DbMcusXml:78 - Set database path to: C:\ST\STM32CubeIDE_1.15.0\STM32CubeIDE\plugins\com.st.stm32cube.common.mx_6.11.0.202403141607\\db\/mcu/
2024-04-07 14:39:13,655 [INFO] ApiDb:274 - Set plugin database path to: C:\ST\STM32CubeIDE_1.15.0\STM32CubeIDE\plugins\com.st.stm32cube.common.mx_6.11.0.202403141607\\db\/plugins/boardmanager/
2024-04-07 14:39:13,655 [INFO] ApiDb:261 - Set plugin images path to: C:\ST\STM32CubeIDE_1.15.0\STM32CubeIDE\plugins\com.st.stm32cube.common.mx_6.11.0.202403141607\\db\/plugins/mcufinder/images/
2024-04-07 14:39:13,656 [WARN] DbFile:41 - Overriding database path with different value: C:\Users\nisha\.stmcufinder\plugins\mcufinder/ => C:\Users\nisha\.stmcufinder\plugins\mcufinder
2024-04-07 14:39:13,656 [INFO] ApiDb:250 - Set database path to: C:\Users\nisha\.stmcufinder\plugins\mcufinder//mcu/
2024-04-07 14:39:13,656 [WARN] DbFile:41 - Overriding database path with different value: C:\Users\nisha\.stmcufinder\plugins\mcufinder/ => C:\Users\nisha\.stmcufinder\plugins\mcufinder
2024-04-07 14:39:13,656 [INFO] DbMcusAds:125 - Set database path to: C:\Users\nisha\.stmcufinder\plugins\mcufinder//mcu/
2024-04-07 14:39:13,656 [WARN] DbFile:41 - Overriding database path with different value: C:\Users\nisha\.stmcufinder\plugins\mcufinder/ => C:\Users\nisha\.stmcufinder\plugins\mcufinder
2024-04-07 14:39:13,657 [WARN] DbFile:41 - Overriding database path with different value: C:\Users\nisha\.stmcufinder\plugins\mcufinder/ => C:\Users\nisha\.stmcufinder\plugins\mcufinder
2024-04-07 14:39:13,657 [INFO] CrossReferenceDbSqlite:203 - Set database path to: C:\Users\nisha\.stmcufinder\plugins\mcufinder//mcu/cs/
2024-04-07 14:39:13,786 [INFO] ApplicationProperties:184 - Using Application install path: C:\ST\STM32CubeIDE_1.15.0\STM32CubeIDE\plugins\com.st.stm32cube.common.mx_6.11.0.202403141607
2024-04-07 14:39:13,793 [INFO] PluginManage:196 - Search for loadable plugins [exclusion list=, ]
2024-04-07 14:39:13,795 [INFO] PluginManage:310 - Check plugin analytics
2024-04-07 14:39:16,762 [INFO] McuFinderGlobals:63 - Set McuFinder mode to 2 (CubeIDE integrated)
2024-04-07 14:39:18,889 [INFO] AnalyticsPlugin:253 - Accepted Software Licenses: 
2024-04-07 14:39:18,890 [INFO] AnalyticsPlugin:255 - Accepted CMSIS Pack Licenses: 
2024-04-07 14:39:18,890 [INFO] AnalyticsPlugin:257 - Accepted Firmware Licenses: 
2024-04-07 14:39:18,894 [INFO] PluginManage:359 - Loaded plugin analytics (category:tool,tabindex:-1)
2024-04-07 14:39:18,895 [INFO] PluginManage:310 - Check plugin cadmodel
2024-04-07 14:39:18,975 [INFO] CADModel:105 - Init CAD model plugin
2024-04-07 14:39:18,975 [INFO] PluginManage:359 - Loaded plugin cadmodel (category:power,tabindex:5)
2024-04-07 14:39:18,976 [INFO] PluginManage:310 - Check plugin clock
2024-04-07 14:39:18,999 [INFO] PluginManage:359 - Loaded plugin clock (category:base,tabindex:2)
2024-04-07 14:39:18,999 [INFO] PluginManage:310 - Check plugin ddr
2024-04-07 14:39:19,016 [INFO] PluginManage:359 - Loaded plugin ddr (category:tool,tabindex:6)
2024-04-07 14:39:19,016 [INFO] PluginManage:310 - Check plugin filemanager
2024-04-07 14:39:19,449 [INFO] PluginManage:359 - Loaded plugin filemanager (category:base,tabindex:10)
2024-04-07 14:39:19,450 [INFO] PluginManage:310 - Check plugin ipmanager
2024-04-07 14:39:19,469 [INFO] PluginManage:359 - Loaded plugin ipmanager (category:base,tabindex:5)
2024-04-07 14:39:19,469 [INFO] PluginManage:310 - Check plugin lpbam
2024-04-07 14:39:19,503 [INFO] PluginManage:359 - Loaded plugin lpbam (category:base,tabindex:0)
2024-04-07 14:39:19,503 [INFO] PluginManage:310 - Check plugin memorymap
2024-04-07 14:39:19,587 [INFO] PluginManage:359 - Loaded plugin memorymap (category:base,tabindex:4)
2024-04-07 14:39:19,587 [INFO] PluginManage:310 - Check plugin pinoutandconfiguration
2024-04-07 14:39:19,633 [INFO] PluginManage:359 - Loaded plugin pinoutandconfiguration (category:base,tabindex:1)
2024-04-07 14:39:19,633 [INFO] PluginManage:310 - Check plugin pinoutconfig
2024-04-07 14:39:19,879 [WARN] SupportedApi:132 - Cannot load RTOS API schema: s4s-elt-must-match.1: The content of 'definitions' must match (annotation?, (simpleType | complexType)?, (unique | key | keyref)*)). A problem was found starting at: attribute.
2024-04-07 14:39:20,136 [INFO] PluginManage:359 - Loaded plugin pinoutconfig (category:base,tabindex:0)
2024-04-07 14:39:20,137 [INFO] PluginManage:310 - Check plugin power
2024-04-07 14:39:20,207 [INFO] PluginManage:359 - Loaded plugin power (category:power,tabindex:4)
2024-04-07 14:39:20,207 [INFO] PluginManage:310 - Check plugin projectmanager
2024-04-07 14:39:20,235 [INFO] PluginManage:359 - Loaded plugin projectmanager (category:projectmanager,tabindex:3)
2024-04-07 14:39:20,236 [INFO] PluginManage:310 - Check plugin thirdparty
2024-04-07 14:39:20,952 [INFO] PluginManage:359 - Loaded plugin thirdparty (category:base,tabindex:-1)
2024-04-07 14:39:20,951 [WARN] IntegrityCheckThread:84 - waiting for thirdparty lock release [integrity check]
2024-04-07 14:39:20,952 [INFO] IntegrityCheckThread:86 - entering critical section [integrity check]
2024-04-07 14:39:20,952 [INFO] PluginManage:310 - Check plugin tools
2024-04-07 14:39:20,953 [INFO] ThirdPartyUpdaterWithRetryManager:70 - Updater plugin not ready yet. [1/15]
2024-04-07 14:39:21,026 [INFO] PluginManage:359 - Loaded plugin tools (category:base,tabindex:7)
2024-04-07 14:39:21,027 [INFO] PluginManage:310 - Check plugin tutovideos
2024-04-07 14:39:21,450 [INFO] PluginManage:359 - Loaded plugin tutovideos (category:base,tabindex:-1)
2024-04-07 14:39:21,450 [INFO] PluginManage:310 - Check plugin updater
2024-04-07 14:39:21,483 [INFO] PluginManage:359 - Loaded plugin updater (category:base,tabindex:12)
2024-04-07 14:39:21,483 [INFO] PluginManage:310 - Check plugin userauth
2024-04-07 14:39:21,562 [INFO] UserAuth:114 - Init User Auth plugin
2024-04-07 14:39:21,562 [INFO] PluginManage:359 - Loaded plugin userauth (category:base,tabindex:14)
2024-04-07 14:39:21,562 [INFO] PluginManage:283 - PluginManage : Loaded plugins [17]
2024-04-07 14:39:22,633 [INFO] PinOutPanel:1561 - setPackage(No Configuration,No Configuration)
2024-04-07 14:39:22,965 [INFO] CADModel:165 - CPN selected for project level
2024-04-07 14:39:22,965 [INFO] CADModel:114 - Register for checkConnection events
2024-04-07 14:39:23,053 [INFO] IPUIPlugin:80 - create IPUIPlugin
2024-04-07 14:39:23,053 [INFO] PluginManager:220 - loadIPPluginJar : add adc
2024-04-07 14:39:23,119 [INFO] IPUIPlugin:80 - create IPUIPlugin
2024-04-07 14:39:23,119 [INFO] PluginManager:220 - loadIPPluginJar : add aes
2024-04-07 14:39:23,201 [INFO] IPUIPlugin:80 - create IPUIPlugin
2024-04-07 14:39:23,201 [INFO] PluginManager:220 - loadIPPluginJar : add can
2024-04-07 14:39:23,232 [INFO] IPUIPlugin:80 - create IPUIPlugin
2024-04-07 14:39:23,232 [INFO] PluginManager:220 - loadIPPluginJar : add comp
2024-04-07 14:39:23,304 [INFO] IPUIPlugin:80 - create IPUIPlugin
2024-04-07 14:39:23,304 [INFO] PluginManager:220 - loadIPPluginJar : add cryp
2024-04-07 14:39:23,347 [INFO] IPUIPlugin:80 - create IPUIPlugin
2024-04-07 14:39:23,347 [INFO] PluginManager:220 - loadIPPluginJar : add dfsdm
2024-04-07 14:39:23,374 [INFO] IPUIPlugin:80 - create IPUIPlugin
2024-04-07 14:39:23,375 [INFO] PluginManager:220 - loadIPPluginJar : add dma
2024-04-07 14:39:23,439 [INFO] IPUIPlugin:80 - create IPUIPlugin
2024-04-07 14:39:23,439 [INFO] PluginManager:220 - loadIPPluginJar : add dma3
2024-04-07 14:39:23,532 [INFO] IPUIPlugin:80 - create IPUIPlugin
2024-04-07 14:39:23,532 [INFO] PluginManager:220 - loadIPPluginJar : add extmemmanager
2024-04-07 14:39:23,571 [INFO] IPUIPlugin:80 - create IPUIPlugin
2024-04-07 14:39:23,572 [INFO] PluginManager:220 - loadIPPluginJar : add fatfs
2024-04-07 14:39:23,651 [INFO] IPUIPlugin:80 - create IPUIPlugin
2024-04-07 14:39:23,651 [INFO] PluginManager:220 - loadIPPluginJar : add fmc
2024-04-07 14:39:23,679 [INFO] IPUIPlugin:80 - create IPUIPlugin
2024-04-07 14:39:23,680 [INFO] PluginManager:220 - loadIPPluginJar : add freertos
2024-04-07 14:39:23,709 [INFO] IPUIPlugin:80 - create IPUIPlugin
2024-04-07 14:39:23,709 [INFO] PluginManager:220 - loadIPPluginJar : add genericplugin
2024-04-07 14:39:23,850 [INFO] IPUIPlugin:80 - create IPUIPlugin
2024-04-07 14:39:23,850 [INFO] PluginManager:220 - loadIPPluginJar : add gfxmmu
2024-04-07 14:39:23,954 [INFO] ThirdPartyUpdaterWithRetryManager:70 - Updater plugin not ready yet. [2/15]
2024-04-07 14:39:24,069 [INFO] IPUIPlugin:80 - create IPUIPlugin
2024-04-07 14:39:24,069 [INFO] PluginManager:220 - loadIPPluginJar : add gic
2024-04-07 14:39:24,102 [INFO] IPUIPlugin:80 - create IPUIPlugin
2024-04-07 14:39:24,102 [INFO] PluginManager:220 - loadIPPluginJar : add gpio
2024-04-07 14:39:24,301 [INFO] IPUIPlugin:80 - create IPUIPlugin
2024-04-07 14:39:24,302 [INFO] PluginManager:220 - loadIPPluginJar : add gtzc
2024-04-07 14:39:24,357 [INFO] IPUIPlugin:80 - create IPUIPlugin
2024-04-07 14:39:24,357 [INFO] PluginManager:220 - loadIPPluginJar : add hash
2024-04-07 14:39:24,455 [INFO] IPUIPlugin:80 - create IPUIPlugin
2024-04-07 14:39:24,455 [INFO] PluginManager:220 - loadIPPluginJar : add i2c
2024-04-07 14:39:24,520 [INFO] IPUIPlugin:80 - create IPUIPlugin
2024-04-07 14:39:24,520 [INFO] PluginManager:220 - loadIPPluginJar : add i2s
2024-04-07 14:39:24,589 [INFO] IPUIPlugin:80 - create IPUIPlugin
2024-04-07 14:39:24,589 [INFO] PluginManager:220 - loadIPPluginJar : add i3c
2024-04-07 14:39:24,766 [INFO] IPUIPlugin:80 - create IPUIPlugin
2024-04-07 14:39:24,767 [INFO] PluginManager:220 - loadIPPluginJar : add ipddr
2024-04-07 14:39:24,932 [INFO] IPUIPlugin:80 - create IPUIPlugin
2024-04-07 14:39:24,933 [INFO] PluginManager:220 - loadIPPluginJar : add linkedlist
2024-04-07 14:39:25,004 [INFO] IPUIPlugin:80 - create IPUIPlugin
2024-04-07 14:39:25,004 [INFO] PluginManager:220 - loadIPPluginJar : add lorawan
2024-04-07 14:39:25,077 [INFO] IPUIPlugin:80 - create IPUIPlugin
2024-04-07 14:39:25,078 [INFO] PluginManager:220 - loadIPPluginJar : add ltdc
2024-04-07 14:39:25,097 [INFO] IPUIPlugin:80 - create IPUIPlugin
2024-04-07 14:39:25,097 [INFO] PluginManager:220 - loadIPPluginJar : add mdma
2024-04-07 14:39:25,120 [INFO] IPUIPlugin:80 - create IPUIPlugin
2024-04-07 14:39:25,121 [INFO] PluginManager:220 - loadIPPluginJar : add nvic
2024-04-07 14:39:25,203 [INFO] IPUIPlugin:80 - create IPUIPlugin
2024-04-07 14:39:25,203 [INFO] PluginManager:220 - loadIPPluginJar : add opamp
2024-04-07 14:39:25,334 [INFO] IPUIPlugin:80 - create IPUIPlugin
2024-04-07 14:39:25,335 [INFO] PluginManager:220 - loadIPPluginJar : add openamp
2024-04-07 14:39:25,394 [INFO] IPUIPlugin:80 - create IPUIPlugin
2024-04-07 14:39:25,395 [INFO] PluginManager:220 - loadIPPluginJar : add pdm2pcm
2024-04-07 14:39:25,444 [INFO] IPUIPlugin:80 - create IPUIPlugin
2024-04-07 14:39:25,447 [INFO] PluginManager:220 - loadIPPluginJar : add plateformsettings
2024-04-07 14:39:25,478 [INFO] IPUIPlugin:80 - create IPUIPlugin
2024-04-07 14:39:25,478 [INFO] PluginManager:220 - loadIPPluginJar : add quadspi
2024-04-07 14:39:25,501 [INFO] IPUIPlugin:80 - create IPUIPlugin
2024-04-07 14:39:25,501 [INFO] PluginManager:220 - loadIPPluginJar : add resmgrutility
2024-04-07 14:39:25,581 [INFO] IPUIPlugin:80 - create IPUIPlugin
2024-04-07 14:39:25,581 [INFO] PluginManager:220 - loadIPPluginJar : add sai
2024-04-07 14:39:25,650 [INFO] IPUIPlugin:80 - create IPUIPlugin
2024-04-07 14:39:25,650 [INFO] PluginManager:220 - loadIPPluginJar : add spi
2024-04-07 14:39:25,756 [INFO] IPUIPlugin:80 - create IPUIPlugin
2024-04-07 14:39:25,756 [INFO] PluginManager:220 - loadIPPluginJar : add stm32_wpan
2024-04-07 14:39:25,789 [INFO] IPUIPlugin:80 - create IPUIPlugin
2024-04-07 14:39:25,789 [INFO] PluginManager:220 - loadIPPluginJar : add tim
2024-04-07 14:39:25,915 [INFO] IPUIPlugin:80 - create IPUIPlugin
2024-04-07 14:39:25,915 [INFO] PluginManager:220 - loadIPPluginJar : add touchsensing
2024-04-07 14:39:25,946 [INFO] IPUIPlugin:80 - create IPUIPlugin
2024-04-07 14:39:25,947 [INFO] PluginManager:220 - loadIPPluginJar : add tracer_emb
2024-04-07 14:39:25,978 [INFO] IPUIPlugin:80 - create IPUIPlugin
2024-04-07 14:39:25,978 [INFO] PluginManager:220 - loadIPPluginJar : add ts
2024-04-07 14:39:26,007 [INFO] IPUIPlugin:80 - create IPUIPlugin
2024-04-07 14:39:26,007 [INFO] PluginManager:220 - loadIPPluginJar : add tsc
2024-04-07 14:39:26,038 [INFO] IPUIPlugin:80 - create IPUIPlugin
2024-04-07 14:39:26,039 [INFO] PluginManager:220 - loadIPPluginJar : add ucpd
2024-04-07 14:39:26,115 [INFO] IPUIPlugin:80 - create IPUIPlugin
2024-04-07 14:39:26,116 [INFO] PluginManager:220 - loadIPPluginJar : add usart
2024-04-07 14:39:26,186 [INFO] IPUIPlugin:80 - create IPUIPlugin
2024-04-07 14:39:26,186 [INFO] PluginManager:220 - loadIPPluginJar : add usbx
2024-04-07 14:39:26,412 [INFO] CADModel:165 - CPN selected for project level
2024-04-07 14:39:26,413 [INFO] CADModel:114 - Register for checkConnection events
2024-04-07 14:39:26,414 [FATAL] Updater:308 - Updater called before beeing initialized
2024-04-07 14:39:26,415 [ERROR] CADModel:125 - Updater not yet initialized, retry later 
2024-04-07 14:39:26,908 [INFO] CADModel:165 - CPN selected for project level
2024-04-07 14:39:26,908 [INFO] CADModel:114 - Register for checkConnection events
2024-04-07 14:39:26,908 [FATAL] Updater:308 - Updater called before beeing initialized
2024-04-07 14:39:26,909 [ERROR] CADModel:125 - Updater not yet initialized, retry later 
2024-04-07 14:39:26,926 [FATAL] Updater:308 - Updater called before beeing initialized
2024-04-07 14:39:26,957 [INFO] ThirdPartyUpdaterWithRetryManager:70 - Updater plugin not ready yet. [3/15]
2024-04-07 14:39:27,234 [FATAL] Updater:308 - Updater called before beeing initialized
2024-04-07 14:39:27,241 [INFO] DbMcusAds:53 - JSON generation date=Wed Nov 29 16:22:27 IST 2023 (1701255147349)
2024-04-07 14:39:27,242 [FATAL] Updater:308 - Updater called before beeing initialized
2024-04-07 14:39:27,675 [WARN] DetailPanel:346 - Failed to get advertising image, set to default
2024-04-07 14:39:27,843 [FATAL] Updater:308 - Updater called before beeing initialized
2024-04-07 14:39:27,857 [FATAL] Updater:308 - Updater called before beeing initialized
2024-04-07 14:39:27,857 [FATAL] Updater:308 - Updater called before beeing initialized
2024-04-07 14:39:27,857 [WARN] DetailPanel:346 - Failed to get advertising image, set to default
2024-04-07 14:39:27,859 [FATAL] Updater:308 - Updater called before beeing initialized
2024-04-07 14:39:28,018 [ERROR] Updater:1120 - MainUpdater not yet initialized. External WinMGr cannot be set.
2024-04-07 14:39:28,039 [INFO] Updater:1056 - Updater Version found : 6.11.0
2024-04-07 14:39:28,076 [INFO] ApplicationProperties:184 - Using Application install path: C:\ST\STM32CubeIDE_1.15.0\STM32CubeIDE\plugins\com.st.stm32cube.common.mx_6.11.0.202403141607
2024-04-07 14:39:29,682 [ERROR] LogOutputStream:75 - [STDERR_REDIRECT] Apr 07, 2024 2:39:29 PM java.util.prefs.WindowsPreferences <init>
2024-04-07 14:39:29,690 [ERROR] LogOutputStream:75 - [STDERR_REDIRECT] WARNING: Could not open/create prefs root node Software\JavaSoft\Prefs at root 0xffffffff80000002. Windows RegCreateKeyEx(...) returned error code 5.
2024-04-07 14:39:29,692 [ERROR] LogOutputStream:75 - [STDERR_REDIRECT] 
2024-04-07 14:39:29,957 [FATAL] Updater:308 - Updater called before beeing initialized
2024-04-07 14:39:29,957 [ERROR] IntegrityCheckThread:130 - Cannot retrieve database content from updater: error 21
2024-04-07 14:39:29,958 [INFO] ThirdParty:978 - Integrity check success = false
2024-04-07 14:39:29,959 [INFO] IntegrityCheckThread:100 - exiting critical section [integrity check]
2024-04-07 14:39:29,959 [INFO] IntegrityCheckThread:103 - End integrity checks thread
2024-04-07 14:39:30,677 [INFO] MainUpdater:2873 - connection check result : 10
2024-04-07 14:39:30,680 [INFO] MainUpdater:290 - Updater Check For Update Now.
2024-04-07 14:39:30,681 [INFO] MicroXplorer:498 - Change Database Version : DB.6.0.110
2024-04-07 14:39:30,826 [INFO] McuFinderGlobals:63 - Set McuFinder mode to 2 (CubeIDE integrated)
2024-04-07 14:39:30,826 [INFO] UserAuth:179 - activating auth plugin
2024-04-07 14:39:30,857 [INFO] UserAuth:415 - Internet connection configuration mode: 1
2024-04-07 14:39:31,028 [INFO] JxBrowserEngine:152 - Initiate JxBrowser Engine with user profile folder
2024-04-07 14:39:31,195 [INFO] CheckServerUpdateThread:120 - End of CheckServer Thread
2024-04-07 14:39:31,303 [INFO] MainUpdater:2873 - connection check result : 10
2024-04-07 14:39:33,287 [INFO] ApiDb:581 - Connected to CubeFinder SQLite database (C:\Users\nisha\.stmcufinder\plugins\mcufinder\mcu\cube-finder-db.db)
2024-04-07 14:39:33,588 [INFO] ApiDb:668 - CubeFinder database Data Model version=2.1
2024-04-07 14:39:33,589 [INFO] ApiDb:669 - CubeFinder database Configuration version=3.0.39
2024-04-07 14:39:33,589 [INFO] ApiDb:670 - CubeFinder database generation date=2024-03-25 (1711369621)
2024-04-07 14:39:33,589 [INFO] ApiDb:671 - CubeFinder database FW Pack versions=[FP-ATR-ASTRA1_V2.0.0, FP-SNS-FLIGHT1_V5.0.1, FP-SNS-FLIGHT1_V5.0.2, FP-SNS-MOTENV1_V4.3.1, FP-SNS-MOTENV1_V4.3.2, FP-SNS-MOTENVWB1_V1.3.1, FP-SNS-SMARTAG2_V1.2.0, STM32Cube_FW_C0_V1.1.0, STM32Cube_FW_F4_V1.28.0, STM32Cube_FW_F7_V1.17.0, STM32Cube_FW_G0_V1.6.2, STM32Cube_FW_G4_V1.5.2, STM32Cube_FW_H5_V0.5.1, STM32Cube_FW_H5_V1.1.1, STM32Cube_FW_H5_V1.2.0, STM32Cube_FW_H5_V1.2.0RC4, STM32Cube_FW_H7RS_V1.0.0, STM32Cube_FW_H7RS_V1.0.0RC4, STM32Cube_FW_H7_V1.11.0, STM32Cube_FW_L0_V1.12.2, STM32Cube_FW_L5_V1.5.1, STM32Cube_FW_U0_V1.0.0, STM32Cube_FW_U0_V1.0.0RC1, STM32Cube_FW_U5_V1.3.0RC4, STM32Cube_FW_U5_V1.5.0, STM32Cube_FW_U5_V1.5.0RC1, STM32Cube_FW_WBA_V1.0.0RC1, STM32Cube_FW_WBA_V1.2.0, STM32Cube_FW_WBA_V1.2.0RC2, STM32Cube_FW_WBA_V1.3.0, STM32Cube_FW_WBA_V1.3.0RC1, STM32Cube_FW_WB_V1.15.0RC1, STM32Cube_FW_WB_V1.16.0, STM32Cube_FW_WB_V1.16.0RC2, STM32Cube_FW_WB_V1.18.0, STM32Cube_FW_WB_V1.19.0, STM32Cube_FW_WL_V1.3.0, X-CUBE-ALGOBUILD_V1.3.0, X-CUBE-ALS_V1.0.1, X-CUBE-AZRTOS-F4_V1.1.0, X-CUBE-AZRTOS-F7_V1.1.0, X-CUBE-AZRTOS-G0_V1.1.0, X-CUBE-AZRTOS-G4_V2.0.0, X-CUBE-AZRTOS-H7_V3.2.0, X-CUBE-AZRTOS-L4_V1.0.0, X-CUBE-AZRTOS-L4_V2.0.0, X-CUBE-AZRTOS-L5_V1.1.0, X-CUBE-AZRTOS-WB_V2.0.0, X-CUBE-AZRTOS-WL_V2.0.0, X-CUBE-BLE1_V7.0.0, X-CUBE-BLE2_V3.3.0, X-CUBE-BLEMGR_V3.1.0, X-CUBE-EEPRMA1_V4.1.0, X-CUBE-EEPRMA1_V5.1.0, X-CUBE-FREERTOS_V1.1.0, X-CUBE-GNSS1_V6.0.0, X-CUBE-MEMS1_V10.0.0, X-CUBE-MEMS1_V9.1.0, X-CUBE-MEMS1_V9.4.0, X-CUBE-MEMS1_V9.6.0, X-CUBE-NFC4_V3.0.0, X-CUBE-NFC7_V1.0.1, X-CUBE-SFXS2LP1_V4.0.0, X-CUBE-SUBG2_V5.0.0, X-CUBE-TOF1_V3.4.0]
2024-04-07 14:39:37,548 [INFO] DbBoardsSqlite:226 - include board P-NUCLEO-WB55-NUCLEO as a kit item of type 'Nucleo-64'
2024-04-07 14:39:37,549 [INFO] DbBoardsSqlite:226 - include board P-NUCLEO-WB55-USBDONGLE as a kit item of type 'Nucleo USB Dongle'
2024-04-07 14:39:37,550 [INFO] DbBoardsSqlite:226 - include board STEVAL-IDP005V1 as a kit item of type 'Evaluation Board'
2024-04-07 14:39:37,551 [INFO] DbBoardsSqlite:226 - include board STEVAL-IDP005V2 as a kit item of type 'Evaluation Board'
2024-04-07 14:39:39,776 [INFO] ApiDb:240 - Found 483 in-development CPN: [B-G473E-ZEST1S, B-WB1M-WPAN1, B-WL5M-SUBG1, NUCLEO-C031C6, NUCLEO-H503RB, NUCLEO-H533RE, NUCLEO-H563ZI, NUCLEO-H7S3L8, NUCLEO-U031R8, NUCLEO-U083RC, NUCLEO-U545RE-Q, NUCLEO-U5A5ZJ-Q, NUCLEO-WBA52CG, NUCLEO-WBA55CG, STEVAL-PROTEUS1, STEVAL-SMARTAG2, STEVAL-STWINBX1, STM320518-EVAL, STM32C0116-DK, STM32C011D6Y3TR, STM32C011D6Y6TR, STM32C011F4P3, STM32C011F4P6, STM32C011F4U3, STM32C011F4U6TR, STM32C011F6P3, STM32C011F6P6, STM32C011F6U3, STM32C011F6U6TR, STM32C011J4M3, STM32C011J4M6, STM32C011J6M3, STM32C011J6M6, STM32C0316-DK, STM32C031C4T3, STM32C031C4T6, STM32C031C4U3, STM32C031C4U6, STM32C031C6T3, STM32C031C6T6, STM32C031C6U3, STM32C031C6U6, STM32C031F4P3, STM32C031F4P6, STM32C031F6P3, STM32C031F6P6, STM32C031G4U3, STM32C031G4U6, STM32C031G6U3, STM32C031G6U6, STM32C031K4T3, STM32C031K4T6, STM32C031K4U3, STM32C031K4U6, STM32C031K6T3, STM32C031K6T6, STM32C031K6U3, STM32C031K6U6, STM32G071K8TXN, STM32G071K8UXN, STM32G081GBU6N, STM32G081KBT6N, STM32G081KBUXN, STM32G0B1CCT6N, STM32G0B1KCT6, STM32G0B1NEY6TR, STM32G0B1RCT6N, STM32G0C1CCT6, STM32G0C1CCT6N, STM32G0C1CCU6N, STM32G0C1CET6N, STM32G0C1CEU6N, STM32G0C1KCT6, STM32G0C1NEY6TR, STM32G0C1RCI6N, STM32G0C1RCT6N, STM32G0C1REI6N, STM32G0C1RET6N, STM32G0C1VCI6, STM32G0C1VEI6, STM32G471CCT6, STM32G471CCU6, STM32G471CET3, STM32G471CET6, STM32G471CEU3, STM32G471CEU6, STM32G471MCT6, STM32G471MET3, STM32G471MET6, STM32G471MEY6TR, STM32G471QCT6, STM32G471QET3, STM32G471RCT6, STM32G471RET3, STM32G471RET6, STM32G471VCH6, STM32G471VCI6, STM32G471VCT6, STM32G471VEH3, STM32G471VEH6, STM32G471VEI3, STM32G471VEI6, STM32G471VET3, STM32G471VET6, STM32G474CCT6, STM32H503CBT6, STM32H503CBU6, STM32H503EBY6TR, STM32H503KBU6, STM32H503RBT6, STM32H523CCT6, STM32H523CCU6, STM32H523CET6, STM32H523CEU6, STM32H523HEY6TR, STM32H523RCT6, STM32H523RET6, STM32H523VCI6, STM32H523VCT6, STM32H523VEI6, STM32H523VET6, STM32H523ZCJ6, STM32H523ZCT6, STM32H523ZEJ6, STM32H523ZET6, STM32H533CET6, STM32H533CEU6, STM32H533HEY6TR, STM32H533RET6, STM32H533VEI6, STM32H533VET6, STM32H533ZEJ6, STM32H533ZET6, STM32H562AGI6, STM32H562AII6, STM32H562IGK6, STM32H562IGT6, STM32H562IIK6, STM32H562IIT6, STM32H562RGT6, STM32H562RGV6, STM32H562RIT6, STM32H562RIV6, STM32H562VGT6, STM32H562VIT6, STM32H562ZGT6, STM32H562ZIT6, STM32H563AGI6, STM32H563AII3Q, STM32H563AII6, STM32H563IGK6, STM32H563IGT6, STM32H563IIK3Q, STM32H563IIK6, STM32H563IIT3Q, STM32H563IIT6, STM32H563MIY3QTR, STM32H563RGT6, STM32H563RGV6, STM32H563RIT6, STM32H563RIV6, STM32H563VGT6, STM32H563VIT3Q, STM32H563VIT6, STM32H563ZGT6, STM32H563ZIT3Q, STM32H563ZIT6, STM32H573AII3Q, STM32H573AII6, STM32H573I-DK, STM32H573IIK3Q, STM32H573IIK6, STM32H573IIT3Q, STM32H573IIT6, STM32H573MIY3QTR, STM32H573RIT6, STM32H573RIV6, STM32H573VIT3Q, STM32H573VIT6, STM32H573ZIT3Q, STM32H573ZIT6, STM32H7R3A8I6, STM32H7R3I8K6, STM32H7R3I8T6, STM32H7R3L8H6, STM32H7R3L8H6H, STM32H7R3R8V6, STM32H7R3V8H6, STM32H7R3V8T6, STM32H7R3V8Y6, STM32H7R3Z8J6, STM32H7R3Z8T6, STM32H7R7A8I6, STM32H7R7I8K6, STM32H7R7I8T6, STM32H7R7L8H6, STM32H7R7L8H6H, STM32H7R7Z8J6, STM32H7S3A8I6, STM32H7S3I8K6, STM32H7S3I8T6, STM32H7S3L8H6, STM32H7S3L8H6H, STM32H7S3R8V6, STM32H7S3V8H6, STM32H7S3V8T6, STM32H7S3V8Y6, STM32H7S3Z8J6, STM32H7S3Z8T6, STM32H7S78-DK, STM32H7S7A8I6, STM32H7S7I8K6, STM32H7S7I8T6, STM32H7S7L8H6, STM32H7S7L8H6H, STM32H7S7Z8J6, STM32L4R5QGI6STR, STM32MP131AAE3, STM32MP131AAF3, STM32MP131AAG3, STM32MP131CAE3, STM32MP131CAF3, STM32MP131CAG3, STM32MP131DAE7, STM32MP131DAF7, STM32MP131DAG7, STM32MP131FAE7, STM32MP131FAF7, STM32MP131FAG7, STM32MP133AAE3, STM32MP133AAF3, STM32MP133AAG3, STM32MP133CAE3, STM32MP133CAF3, STM32MP133CAG3, STM32MP133DAE7, STM32MP133DAF7, STM32MP133DAG7, STM32MP133FAE7, STM32MP133FAF7, STM32MP133FAG7, STM32MP135AAE3, STM32MP135AAF3, STM32MP135AAG3, STM32MP135CAE3, STM32MP135CAF3, STM32MP135CAG3, STM32MP135DAE7, STM32MP135DAF7, STM32MP135DAG7, STM32MP135F-DK, STM32MP135FAE7, STM32MP135FAF7, STM32MP135FAF7T, STM32MP135FAF7U, STM32MP135FAG7, STM32U031C6T6, STM32U031C6U6, STM32U031C8T6, STM32U031C8U6, STM32U031F4P6, STM32U031F6P6, STM32U031F8P6, STM32U031G6Y6TR, STM32U031G8Y6TR, STM32U031K4U6, STM32U031K6U6, STM32U031K8U6, STM32U031R6I6, STM32U031R6T6, STM32U031R8I6, STM32U031R8T6, STM32U073C8T6, STM32U073C8U6, STM32U073CBT6, STM32U073CBU6, STM32U073CCT6, STM32U073CCU6, STM32U073H8Y6TR, STM32U073HBY6TR, STM32U073HCY6TR, STM32U073K8U6, STM32U073KBU6, STM32U073KCU6, STM32U073M8I6, STM32U073M8T6, STM32U073MBI6, STM32U073MBT6, STM32U073MCI6, STM32U073MCT6, STM32U073R8I6, STM32U073R8T6, STM32U073RBI6, STM32U073RBT6, STM32U073RCI6, STM32U073RCT6, STM32U083C-DK, STM32U083CCT6, STM32U083CCU6, STM32U083HCY6TR, STM32U083KCU6, STM32U083MCI6, STM32U083MCT6, STM32U083RCI6, STM32U083RCT6, STM32U535CBT6, STM32U535CBT6Q, STM32U535CBU6, STM32U535CBU6Q, STM32U535CCT6, STM32U535CCT6Q, STM32U535CCU6, STM32U535CCU6Q, STM32U535CET6, STM32U535CET6Q, STM32U535CEU6, STM32U535CEU6Q, STM32U535JEY6QTR, STM32U535NCY6QTR, STM32U535NEY6QTR, STM32U535RBI6, STM32U535RBI6Q, STM32U535RBT6, STM32U535RBT6Q, STM32U535RCI6, STM32U535RCI6Q, STM32U535RCT6, STM32U535RCT6Q, STM32U535REI6, STM32U535REI6Q, STM32U535RET6, STM32U535RET6Q, STM32U535VCI6, STM32U535VCI6Q, STM32U535VCT6, STM32U535VCT6Q, STM32U535VEI6, STM32U535VEI6Q, STM32U535VET6, STM32U535VET6Q, STM32U545CET6, STM32U545CET6Q, STM32U545CEU6, STM32U545CEU6Q, STM32U545JEY6QTR, STM32U545NEY6QTR, STM32U545REI6, STM32U545REI6Q, STM32U545RET6, STM32U545RET6Q, STM32U545VEI6, STM32U545VEI6Q, STM32U545VET6, STM32U545VET6Q, STM32U595AIH6, STM32U595AIH6Q, STM32U595AJH6, STM32U595AJH6Q, STM32U595QII6, STM32U595QII6Q, STM32U595QJI6, STM32U595QJI6Q, STM32U595RIT6, STM32U595RIT6Q, STM32U595RJT6, STM32U595RJT6Q, STM32U595VIT6, STM32U595VIT6Q, STM32U595VJT6, STM32U595VJT6Q, STM32U595ZIT6, STM32U595ZIT6Q, STM32U595ZIY6QTR, STM32U595ZJT6, STM32U595ZJT6Q, STM32U595ZJY6QTR, STM32U599BJY6QTR, STM32U599NIH6Q, STM32U599NJH6Q, STM32U599VIT6Q, STM32U599VJT6, STM32U599VJT6Q, STM32U599ZIT6Q, STM32U599ZIY6QTR, STM32U599ZJT6Q, STM32U599ZJY6QTR, STM32U5A5AJH6, STM32U5A5AJH6Q, STM32U5A5QII3Q , STM32U5A5QJI6, STM32U5A5QJI6Q, STM32U5A5RJT6, STM32U5A5RJT6Q, STM32U5A5VJT6, STM32U5A5VJT6Q, STM32U5A5ZJT6, STM32U5A5ZJT6Q, STM32U5A5ZJY6QTR, STM32U5A9BJY6QTR, STM32U5A9J-DK, STM32U5A9NJH6Q, STM32U5A9VJT6Q, STM32U5A9ZJT6Q, STM32U5A9ZJY6QTR, STM32U5F7VIT6, STM32U5F7VIT6Q, STM32U5F7VJT6, STM32U5F7VJT6Q, STM32U5F9BJY6QTR, STM32U5F9NJH6Q, STM32U5F9VIT6Q, STM32U5F9VJT6Q, STM32U5F9ZIJ6QTR, STM32U5F9ZIT6Q, STM32U5F9ZJJ6QTR, STM32U5F9ZJT6Q, STM32U5G7VJT6, STM32U5G7VJT6Q, STM32U5G9BJY6QTR, STM32U5G9J-DK1, STM32U5G9J-DK2, STM32U5G9NJH6Q, STM32U5G9VJT6Q, STM32U5G9ZJJ6QTR, STM32U5G9ZJT6Q, STM32WB1MMCH6, STM32WBA50KEU6, STM32WBA50KEU6TR, STM32WBA50KGU6, STM32WBA50KGU6TR, STM32WBA52CEU6, STM32WBA52CEU6TR, STM32WBA52CEU7, STM32WBA52CEU7TR, STM32WBA52CGU6, STM32WBA52CGU6TR, STM32WBA52CGU6U, STM32WBA52CGU7, STM32WBA52CGU7TR, STM32WBA52KEU6, STM32WBA52KEU6TR, STM32WBA52KGU6, STM32WBA52KGU6TR, STM32WBA54CEU6, STM32WBA54CEU6TR, STM32WBA54CEU7, STM32WBA54CEU7TR, STM32WBA54CGU6, STM32WBA54CGU6TR, STM32WBA54CGU7, STM32WBA54CGU7TR, STM32WBA54KEU6, STM32WBA54KEU6TR, STM32WBA54KEU7, STM32WBA54KEU7TR, STM32WBA54KGU6, STM32WBA54KGU6TR, STM32WBA54KGU7, STM32WBA54KGU7TR, STM32WBA55CEU6, STM32WBA55CEU6TR, STM32WBA55CEU7, STM32WBA55CEU7TR, STM32WBA55CGU6, STM32WBA55CGU6TR, STM32WBA55CGU6U, STM32WBA55CGU7, STM32WBA55CGU7TR, STM32WBA55G-DK1, STM32WBA55HEF6, STM32WBA55HEF7, STM32WBA55HGF6, STM32WBA55HGF7, STM32WBA55UEI6, STM32WBA55UEI6TR, STM32WBA55UEI7, STM32WBA55UEI7TR, STM32WBA55UGI6, STM32WBA55UGI6TR, STM32WBA55UGI7, STM32WBA55UGI7TR, STM32WL5MOCH6, STM32WL5MOCH6TR]
2024-04-07 14:39:40,302 [INFO] BoardInfo:889 - No configuration file found for board P-NUCLEO-WB55
2024-04-07 14:39:40,303 [INFO] DbBoards:161 - Kit is not supported: P-NUCLEO-WB55
2024-04-07 14:39:40,312 [INFO] BoardInfo:889 - No configuration file found for board STEVAL-BFA001V1B
2024-04-07 14:39:40,312 [INFO] DbBoards:161 - Kit is not supported: STEVAL-BFA001V1B
2024-04-07 14:39:40,314 [INFO] BoardInfo:889 - No configuration file found for board STEVAL-BFA001V2B
2024-04-07 14:39:40,314 [INFO] DbBoards:161 - Kit is not supported: STEVAL-BFA001V2B
2024-04-07 14:39:40,565 [INFO] DbBoards:168 - Found 199 boards, 196 are supported
2024-04-07 14:39:40,565 [INFO] DbBoards:169 - Found 199 boards, 8 of them is supported for  Bsp
2024-04-07 14:39:40,570 [INFO] ApiDb:668 - CubeFinder database Data Model version=2.1
2024-04-07 14:39:40,570 [INFO] ApiDb:669 - CubeFinder database Configuration version=3.0.39
2024-04-07 14:39:40,570 [INFO] ApiDb:670 - CubeFinder database generation date=2024-03-25 (1711369621)
2024-04-07 14:39:40,571 [INFO] ApiDb:671 - CubeFinder database FW Pack versions=[FP-ATR-ASTRA1_V2.0.0, FP-SNS-FLIGHT1_V5.0.1, FP-SNS-FLIGHT1_V5.0.2, FP-SNS-MOTENV1_V4.3.1, FP-SNS-MOTENV1_V4.3.2, FP-SNS-MOTENVWB1_V1.3.1, FP-SNS-SMARTAG2_V1.2.0, STM32Cube_FW_C0_V1.1.0, STM32Cube_FW_F4_V1.28.0, STM32Cube_FW_F7_V1.17.0, STM32Cube_FW_G0_V1.6.2, STM32Cube_FW_G4_V1.5.2, STM32Cube_FW_H5_V0.5.1, STM32Cube_FW_H5_V1.1.1, STM32Cube_FW_H5_V1.2.0, STM32Cube_FW_H5_V1.2.0RC4, STM32Cube_FW_H7RS_V1.0.0, STM32Cube_FW_H7RS_V1.0.0RC4, STM32Cube_FW_H7_V1.11.0, STM32Cube_FW_L0_V1.12.2, STM32Cube_FW_L5_V1.5.1, STM32Cube_FW_U0_V1.0.0, STM32Cube_FW_U0_V1.0.0RC1, STM32Cube_FW_U5_V1.3.0RC4, STM32Cube_FW_U5_V1.5.0, STM32Cube_FW_U5_V1.5.0RC1, STM32Cube_FW_WBA_V1.0.0RC1, STM32Cube_FW_WBA_V1.2.0, STM32Cube_FW_WBA_V1.2.0RC2, STM32Cube_FW_WBA_V1.3.0, STM32Cube_FW_WBA_V1.3.0RC1, STM32Cube_FW_WB_V1.15.0RC1, STM32Cube_FW_WB_V1.16.0, STM32Cube_FW_WB_V1.16.0RC2, STM32Cube_FW_WB_V1.18.0, STM32Cube_FW_WB_V1.19.0, STM32Cube_FW_WL_V1.3.0, X-CUBE-ALGOBUILD_V1.3.0, X-CUBE-ALS_V1.0.1, X-CUBE-AZRTOS-F4_V1.1.0, X-CUBE-AZRTOS-F7_V1.1.0, X-CUBE-AZRTOS-G0_V1.1.0, X-CUBE-AZRTOS-G4_V2.0.0, X-CUBE-AZRTOS-H7_V3.2.0, X-CUBE-AZRTOS-L4_V1.0.0, X-CUBE-AZRTOS-L4_V2.0.0, X-CUBE-AZRTOS-L5_V1.1.0, X-CUBE-AZRTOS-WB_V2.0.0, X-CUBE-AZRTOS-WL_V2.0.0, X-CUBE-BLE1_V7.0.0, X-CUBE-BLE2_V3.3.0, X-CUBE-BLEMGR_V3.1.0, X-CUBE-EEPRMA1_V4.1.0, X-CUBE-EEPRMA1_V5.1.0, X-CUBE-FREERTOS_V1.1.0, X-CUBE-GNSS1_V6.0.0, X-CUBE-MEMS1_V10.0.0, X-CUBE-MEMS1_V9.1.0, X-CUBE-MEMS1_V9.4.0, X-CUBE-MEMS1_V9.6.0, X-CUBE-NFC4_V3.0.0, X-CUBE-NFC7_V1.0.1, X-CUBE-SFXS2LP1_V4.0.0, X-CUBE-SUBG2_V5.0.0, X-CUBE-TOF1_V3.4.0]
2024-04-07 14:39:45,707 [INFO] ApiDb:240 - Found 483 in-development CPN: [B-G473E-ZEST1S, B-WB1M-WPAN1, B-WL5M-SUBG1, NUCLEO-C031C6, NUCLEO-H503RB, NUCLEO-H533RE, NUCLEO-H563ZI, NUCLEO-H7S3L8, NUCLEO-U031R8, NUCLEO-U083RC, NUCLEO-U545RE-Q, NUCLEO-U5A5ZJ-Q, NUCLEO-WBA52CG, NUCLEO-WBA55CG, STEVAL-PROTEUS1, STEVAL-SMARTAG2, STEVAL-STWINBX1, STM320518-EVAL, STM32C0116-DK, STM32C011D6Y3TR, STM32C011D6Y6TR, STM32C011F4P3, STM32C011F4P6, STM32C011F4U3, STM32C011F4U6TR, STM32C011F6P3, STM32C011F6P6, STM32C011F6U3, STM32C011F6U6TR, STM32C011J4M3, STM32C011J4M6, STM32C011J6M3, STM32C011J6M6, STM32C0316-DK, STM32C031C4T3, STM32C031C4T6, STM32C031C4U3, STM32C031C4U6, STM32C031C6T3, STM32C031C6T6, STM32C031C6U3, STM32C031C6U6, STM32C031F4P3, STM32C031F4P6, STM32C031F6P3, STM32C031F6P6, STM32C031G4U3, STM32C031G4U6, STM32C031G6U3, STM32C031G6U6, STM32C031K4T3, STM32C031K4T6, STM32C031K4U3, STM32C031K4U6, STM32C031K6T3, STM32C031K6T6, STM32C031K6U3, STM32C031K6U6, STM32G071K8TXN, STM32G071K8UXN, STM32G081GBU6N, STM32G081KBT6N, STM32G081KBUXN, STM32G0B1CCT6N, STM32G0B1KCT6, STM32G0B1NEY6TR, STM32G0B1RCT6N, STM32G0C1CCT6, STM32G0C1CCT6N, STM32G0C1CCU6N, STM32G0C1CET6N, STM32G0C1CEU6N, STM32G0C1KCT6, STM32G0C1NEY6TR, STM32G0C1RCI6N, STM32G0C1RCT6N, STM32G0C1REI6N, STM32G0C1RET6N, STM32G0C1VCI6, STM32G0C1VEI6, STM32G471CCT6, STM32G471CCU6, STM32G471CET3, STM32G471CET6, STM32G471CEU3, STM32G471CEU6, STM32G471MCT6, STM32G471MET3, STM32G471MET6, STM32G471MEY6TR, STM32G471QCT6, STM32G471QET3, STM32G471RCT6, STM32G471RET3, STM32G471RET6, STM32G471VCH6, STM32G471VCI6, STM32G471VCT6, STM32G471VEH3, STM32G471VEH6, STM32G471VEI3, STM32G471VEI6, STM32G471VET3, STM32G471VET6, STM32G474CCT6, STM32H503CBT6, STM32H503CBU6, STM32H503EBY6TR, STM32H503KBU6, STM32H503RBT6, STM32H523CCT6, STM32H523CCU6, STM32H523CET6, STM32H523CEU6, STM32H523HEY6TR, STM32H523RCT6, STM32H523RET6, STM32H523VCI6, STM32H523VCT6, STM32H523VEI6, STM32H523VET6, STM32H523ZCJ6, STM32H523ZCT6, STM32H523ZEJ6, STM32H523ZET6, STM32H533CET6, STM32H533CEU6, STM32H533HEY6TR, STM32H533RET6, STM32H533VEI6, STM32H533VET6, STM32H533ZEJ6, STM32H533ZET6, STM32H562AGI6, STM32H562AII6, STM32H562IGK6, STM32H562IGT6, STM32H562IIK6, STM32H562IIT6, STM32H562RGT6, STM32H562RGV6, STM32H562RIT6, STM32H562RIV6, STM32H562VGT6, STM32H562VIT6, STM32H562ZGT6, STM32H562ZIT6, STM32H563AGI6, STM32H563AII3Q, STM32H563AII6, STM32H563IGK6, STM32H563IGT6, STM32H563IIK3Q, STM32H563IIK6, STM32H563IIT3Q, STM32H563IIT6, STM32H563MIY3QTR, STM32H563RGT6, STM32H563RGV6, STM32H563RIT6, STM32H563RIV6, STM32H563VGT6, STM32H563VIT3Q, STM32H563VIT6, STM32H563ZGT6, STM32H563ZIT3Q, STM32H563ZIT6, STM32H573AII3Q, STM32H573AII6, STM32H573I-DK, STM32H573IIK3Q, STM32H573IIK6, STM32H573IIT3Q, STM32H573IIT6, STM32H573MIY3QTR, STM32H573RIT6, STM32H573RIV6, STM32H573VIT3Q, STM32H573VIT6, STM32H573ZIT3Q, STM32H573ZIT6, STM32H7R3A8I6, STM32H7R3I8K6, STM32H7R3I8T6, STM32H7R3L8H6, STM32H7R3L8H6H, STM32H7R3R8V6, STM32H7R3V8H6, STM32H7R3V8T6, STM32H7R3V8Y6, STM32H7R3Z8J6, STM32H7R3Z8T6, STM32H7R7A8I6, STM32H7R7I8K6, STM32H7R7I8T6, STM32H7R7L8H6, STM32H7R7L8H6H, STM32H7R7Z8J6, STM32H7S3A8I6, STM32H7S3I8K6, STM32H7S3I8T6, STM32H7S3L8H6, STM32H7S3L8H6H, STM32H7S3R8V6, STM32H7S3V8H6, STM32H7S3V8T6, STM32H7S3V8Y6, STM32H7S3Z8J6, STM32H7S3Z8T6, STM32H7S78-DK, STM32H7S7A8I6, STM32H7S7I8K6, STM32H7S7I8T6, STM32H7S7L8H6, STM32H7S7L8H6H, STM32H7S7Z8J6, STM32L4R5QGI6STR, STM32MP131AAE3, STM32MP131AAF3, STM32MP131AAG3, STM32MP131CAE3, STM32MP131CAF3, STM32MP131CAG3, STM32MP131DAE7, STM32MP131DAF7, STM32MP131DAG7, STM32MP131FAE7, STM32MP131FAF7, STM32MP131FAG7, STM32MP133AAE3, STM32MP133AAF3, STM32MP133AAG3, STM32MP133CAE3, STM32MP133CAF3, STM32MP133CAG3, STM32MP133DAE7, STM32MP133DAF7, STM32MP133DAG7, STM32MP133FAE7, STM32MP133FAF7, STM32MP133FAG7, STM32MP135AAE3, STM32MP135AAF3, STM32MP135AAG3, STM32MP135CAE3, STM32MP135CAF3, STM32MP135CAG3, STM32MP135DAE7, STM32MP135DAF7, STM32MP135DAG7, STM32MP135F-DK, STM32MP135FAE7, STM32MP135FAF7, STM32MP135FAF7T, STM32MP135FAF7U, STM32MP135FAG7, STM32U031C6T6, STM32U031C6U6, STM32U031C8T6, STM32U031C8U6, STM32U031F4P6, STM32U031F6P6, STM32U031F8P6, STM32U031G6Y6TR, STM32U031G8Y6TR, STM32U031K4U6, STM32U031K6U6, STM32U031K8U6, STM32U031R6I6, STM32U031R6T6, STM32U031R8I6, STM32U031R8T6, STM32U073C8T6, STM32U073C8U6, STM32U073CBT6, STM32U073CBU6, STM32U073CCT6, STM32U073CCU6, STM32U073H8Y6TR, STM32U073HBY6TR, STM32U073HCY6TR, STM32U073K8U6, STM32U073KBU6, STM32U073KCU6, STM32U073M8I6, STM32U073M8T6, STM32U073MBI6, STM32U073MBT6, STM32U073MCI6, STM32U073MCT6, STM32U073R8I6, STM32U073R8T6, STM32U073RBI6, STM32U073RBT6, STM32U073RCI6, STM32U073RCT6, STM32U083C-DK, STM32U083CCT6, STM32U083CCU6, STM32U083HCY6TR, STM32U083KCU6, STM32U083MCI6, STM32U083MCT6, STM32U083RCI6, STM32U083RCT6, STM32U535CBT6, STM32U535CBT6Q, STM32U535CBU6, STM32U535CBU6Q, STM32U535CCT6, STM32U535CCT6Q, STM32U535CCU6, STM32U535CCU6Q, STM32U535CET6, STM32U535CET6Q, STM32U535CEU6, STM32U535CEU6Q, STM32U535JEY6QTR, STM32U535NCY6QTR, STM32U535NEY6QTR, STM32U535RBI6, STM32U535RBI6Q, STM32U535RBT6, STM32U535RBT6Q, STM32U535RCI6, STM32U535RCI6Q, STM32U535RCT6, STM32U535RCT6Q, STM32U535REI6, STM32U535REI6Q, STM32U535RET6, STM32U535RET6Q, STM32U535VCI6, STM32U535VCI6Q, STM32U535VCT6, STM32U535VCT6Q, STM32U535VEI6, STM32U535VEI6Q, STM32U535VET6, STM32U535VET6Q, STM32U545CET6, STM32U545CET6Q, STM32U545CEU6, STM32U545CEU6Q, STM32U545JEY6QTR, STM32U545NEY6QTR, STM32U545REI6, STM32U545REI6Q, STM32U545RET6, STM32U545RET6Q, STM32U545VEI6, STM32U545VEI6Q, STM32U545VET6, STM32U545VET6Q, STM32U595AIH6, STM32U595AIH6Q, STM32U595AJH6, STM32U595AJH6Q, STM32U595QII6, STM32U595QII6Q, STM32U595QJI6, STM32U595QJI6Q, STM32U595RIT6, STM32U595RIT6Q, STM32U595RJT6, STM32U595RJT6Q, STM32U595VIT6, STM32U595VIT6Q, STM32U595VJT6, STM32U595VJT6Q, STM32U595ZIT6, STM32U595ZIT6Q, STM32U595ZIY6QTR, STM32U595ZJT6, STM32U595ZJT6Q, STM32U595ZJY6QTR, STM32U599BJY6QTR, STM32U599NIH6Q, STM32U599NJH6Q, STM32U599VIT6Q, STM32U599VJT6, STM32U599VJT6Q, STM32U599ZIT6Q, STM32U599ZIY6QTR, STM32U599ZJT6Q, STM32U599ZJY6QTR, STM32U5A5AJH6, STM32U5A5AJH6Q, STM32U5A5QII3Q , STM32U5A5QJI6, STM32U5A5QJI6Q, STM32U5A5RJT6, STM32U5A5RJT6Q, STM32U5A5VJT6, STM32U5A5VJT6Q, STM32U5A5ZJT6, STM32U5A5ZJT6Q, STM32U5A5ZJY6QTR, STM32U5A9BJY6QTR, STM32U5A9J-DK, STM32U5A9NJH6Q, STM32U5A9VJT6Q, STM32U5A9ZJT6Q, STM32U5A9ZJY6QTR, STM32U5F7VIT6, STM32U5F7VIT6Q, STM32U5F7VJT6, STM32U5F7VJT6Q, STM32U5F9BJY6QTR, STM32U5F9NJH6Q, STM32U5F9VIT6Q, STM32U5F9VJT6Q, STM32U5F9ZIJ6QTR, STM32U5F9ZIT6Q, STM32U5F9ZJJ6QTR, STM32U5F9ZJT6Q, STM32U5G7VJT6, STM32U5G7VJT6Q, STM32U5G9BJY6QTR, STM32U5G9J-DK1, STM32U5G9J-DK2, STM32U5G9NJH6Q, STM32U5G9VJT6Q, STM32U5G9ZJJ6QTR, STM32U5G9ZJT6Q, STM32WB1MMCH6, STM32WBA50KEU6, STM32WBA50KEU6TR, STM32WBA50KGU6, STM32WBA50KGU6TR, STM32WBA52CEU6, STM32WBA52CEU6TR, STM32WBA52CEU7, STM32WBA52CEU7TR, STM32WBA52CGU6, STM32WBA52CGU6TR, STM32WBA52CGU6U, STM32WBA52CGU7, STM32WBA52CGU7TR, STM32WBA52KEU6, STM32WBA52KEU6TR, STM32WBA52KGU6, STM32WBA52KGU6TR, STM32WBA54CEU6, STM32WBA54CEU6TR, STM32WBA54CEU7, STM32WBA54CEU7TR, STM32WBA54CGU6, STM32WBA54CGU6TR, STM32WBA54CGU7, STM32WBA54CGU7TR, STM32WBA54KEU6, STM32WBA54KEU6TR, STM32WBA54KEU7, STM32WBA54KEU7TR, STM32WBA54KGU6, STM32WBA54KGU6TR, STM32WBA54KGU7, STM32WBA54KGU7TR, STM32WBA55CEU6, STM32WBA55CEU6TR, STM32WBA55CEU7, STM32WBA55CEU7TR, STM32WBA55CGU6, STM32WBA55CGU6TR, STM32WBA55CGU6U, STM32WBA55CGU7, STM32WBA55CGU7TR, STM32WBA55G-DK1, STM32WBA55HEF6, STM32WBA55HEF7, STM32WBA55HGF6, STM32WBA55HGF7, STM32WBA55UEI6, STM32WBA55UEI6TR, STM32WBA55UEI7, STM32WBA55UEI7TR, STM32WBA55UGI6, STM32WBA55UGI6TR, STM32WBA55UGI7, STM32WBA55UGI7TR, STM32WL5MOCH6, STM32WL5MOCH6TR]
2024-04-07 14:39:45,717 [INFO] DbMcus:218 - Found 4094 MCUs, 4094 are supported
2024-04-07 14:39:45,719 [INFO] ApiDb:423 - Load user favorites file C:\Users\nisha/.stm32cubeide/favorites.mcus.txt: 0 item(s)
2024-04-07 14:39:45,719 [INFO] ApiDb:427 - User favorites MCUs=[]
2024-04-07 14:39:45,720 [INFO] DbMcus:224 - Set 0 / 0 favorites MCUs
2024-04-07 14:39:46,355 [INFO] ApiDb:423 - Load user favorites file C:\Users\nisha/.stm32cubeide/favorites.boards.txt: 0 item(s)
2024-04-07 14:39:46,355 [INFO] ApiDb:427 - User favorites Boards=[]
2024-04-07 14:39:46,356 [INFO] DbBoards:198 - Set 0 / 0 favorites Boards
2024-04-07 14:39:46,356 [INFO] McuFinderGlobals:76 - Set McuFinderConnectedMode to true
2024-04-07 14:39:46,387 [INFO] MultiScanPanel:200 - Auto-refresh data requested => check proxy status ongoing
2024-04-07 14:39:46,391 [INFO] FinderPluginLoader:95 - Searching for filters in installed packs
2024-04-07 14:39:49,485 [INFO] LoadUrlFilesThread:185 - End of LoadServerUrlFiles without Thread
2024-04-07 14:39:49,563 [INFO] DetailPanel:341 - Set advertising image to C:/Users/nisha/STM32Cube/Repository/\en.prom-stm32wl3-mcu-finder.jpg
2024-04-07 14:39:56,456 [INFO] WebApp:161 - Instantiating new browser for Auth
2024-04-07 14:40:02,198 [INFO] WebApp:779 - Register for checkConnection events
2024-04-07 14:40:02,199 [INFO] WebApp:414 - Apply proxy settings
2024-04-07 14:40:02,199 [INFO] WebApp:499 - Chromium requires no authentication
2024-04-07 14:40:02,215 [INFO] WebApp:442 - Direct internet connection detected
2024-04-07 14:40:02,583 [INFO] MultiScanPanel:200 - Auto-refresh data requested => check proxy status ongoing
2024-04-07 14:40:02,970 [INFO] LoadUrlFilesThread:185 - End of LoadServerUrlFiles without Thread
2024-04-07 14:40:02,970 [INFO] DetailPanel:341 - Set advertising image to C:/Users/nisha/STM32Cube/Repository/\en.prom-stm32wl3-mcu-finder.jpg
2024-04-07 14:40:02,996 [INFO] DbBoards:642 - Loading board mini-images...
2024-04-07 14:40:03,227 [INFO] WebApp:192 - Starting web application
2024-04-07 14:40:03,227 [INFO] WebApp:544 - Web application path used C:\ST\STM32CubeIDE_1.15.0\STM32CubeIDE\plugins\com.st.stm32cube.common.mx_6.11.0.202403141607\db\plugins\mcufinder\reactClient1\index.html
2024-04-07 14:40:12,866 [INFO] DbBoards:665 - Loaded 199 board mini-images
2024-04-07 14:41:34,149 [INFO] McuFinderGlobals:76 - Set McuFinderConnectedMode to true
2024-04-07 14:41:34,155 [INFO] ApiDb:448 - Save user favorites file C:\Users\nisha/.stm32cubeide/favorites.mcus.txt: 0 item(s)
2024-04-07 14:41:34,155 [INFO] ApiDb:452 - User favorites MCUs=[]
2024-04-07 14:41:34,158 [INFO] ApiDb:448 - Save user favorites file C:\Users\nisha/.stm32cubeide/favorites.boards.txt: 0 item(s)
2024-04-07 14:41:34,159 [INFO] ApiDb:452 - User favorites Boards=[]
2024-04-07 21:02:05,766 [ERROR] LogOutputStream:75 - [STDERR_REDIRECT] 
2024-04-07 21:02:05,769 [ERROR] LogOutputStream:75 - [STDERR_REDIRECT] 
2024-04-07 21:35:37,397 [INFO] Activator:176 - 


2024-04-07 21:35:37,409 [INFO] Activator:177 - !SESSION log4j initialized
2024-04-07 21:35:58,102 [INFO] LogOutputStream:77 - [STDOUT_REDIRECT] 
2024-04-07 21:36:09,683 [INFO] ApplicationProperties:184 - Using Application install path: C:\ST\STM32CubeIDE_1.15.0\STM32CubeIDE\plugins\com.st.stm32cube.common.mx_6.11.0.202403141607
2024-04-07 21:36:09,743 [INFO] DbMcusXml:78 - Set database path to: C:\ST\STM32CubeIDE_1.15.0\STM32CubeIDE\plugins\com.st.stm32cube.common.mx_6.11.0.202403141607\\db\/mcu/
2024-04-07 21:36:09,744 [INFO] ApiDb:274 - Set plugin database path to: C:\ST\STM32CubeIDE_1.15.0\STM32CubeIDE\plugins\com.st.stm32cube.common.mx_6.11.0.202403141607\\db\/plugins/boardmanager/
2024-04-07 21:36:09,745 [WARN] ApiDb:259 - Overriding images path with different value:  => C:\ST\STM32CubeIDE_1.15.0\STM32CubeIDE\plugins\com.st.stm32cube.common.mx_6.11.0.202403141607\\db\/plugins/mcufinder/images/
2024-04-07 21:36:09,778 [INFO] ApiDb:250 - Set database path to: C:\Users\nisha\.stmcufinder\plugins\mcufinder//mcu/
2024-04-07 21:36:09,779 [INFO] DbMcusAds:125 - Set database path to: C:\Users\nisha\.stmcufinder\plugins\mcufinder//mcu/
2024-04-07 21:36:09,783 [INFO] CrossReferenceDbSqlite:203 - Set database path to: C:\Users\nisha\.stmcufinder\plugins\mcufinder//mcu/cs/
2024-04-07 21:36:10,059 [INFO] RulesReader:64 - Compatibility file has been processed (297 Rules)
2024-04-07 21:36:10,565 [INFO] DbMcusXml:78 - Set database path to: C:\ST\STM32CubeIDE_1.15.0\STM32CubeIDE\plugins\com.st.stm32cube.common.mx_6.11.0.202403141607\\db\/mcu/
2024-04-07 21:36:10,565 [INFO] ApiDb:274 - Set plugin database path to: C:\ST\STM32CubeIDE_1.15.0\STM32CubeIDE\plugins\com.st.stm32cube.common.mx_6.11.0.202403141607\\db\/plugins/boardmanager/
2024-04-07 21:36:10,566 [INFO] ApiDb:261 - Set plugin images path to: C:\ST\STM32CubeIDE_1.15.0\STM32CubeIDE\plugins\com.st.stm32cube.common.mx_6.11.0.202403141607\\db\/plugins/mcufinder/images/
2024-04-07 21:36:10,566 [WARN] DbFile:41 - Overriding database path with different value: C:\Users\nisha\.stmcufinder\plugins\mcufinder/ => C:\Users\nisha\.stmcufinder\plugins\mcufinder
2024-04-07 21:36:10,567 [INFO] ApiDb:250 - Set database path to: C:\Users\nisha\.stmcufinder\plugins\mcufinder//mcu/
2024-04-07 21:36:10,567 [WARN] DbFile:41 - Overriding database path with different value: C:\Users\nisha\.stmcufinder\plugins\mcufinder/ => C:\Users\nisha\.stmcufinder\plugins\mcufinder
2024-04-07 21:36:10,567 [INFO] DbMcusAds:125 - Set database path to: C:\Users\nisha\.stmcufinder\plugins\mcufinder//mcu/
2024-04-07 21:36:10,567 [WARN] DbFile:41 - Overriding database path with different value: C:\Users\nisha\.stmcufinder\plugins\mcufinder/ => C:\Users\nisha\.stmcufinder\plugins\mcufinder
2024-04-07 21:36:10,567 [WARN] DbFile:41 - Overriding database path with different value: C:\Users\nisha\.stmcufinder\plugins\mcufinder/ => C:\Users\nisha\.stmcufinder\plugins\mcufinder
2024-04-07 21:36:10,568 [INFO] CrossReferenceDbSqlite:203 - Set database path to: C:\Users\nisha\.stmcufinder\plugins\mcufinder//mcu/cs/
2024-04-07 21:36:11,103 [INFO] MainPanel:264 - HeapMemory: 268435456
2024-04-07 21:36:11,718 [INFO] DbMcusXml:78 - Set database path to: C:\ST\STM32CubeIDE_1.15.0\STM32CubeIDE\plugins\com.st.stm32cube.common.mx_6.11.0.202403141607\\db\/mcu/
2024-04-07 21:36:11,718 [INFO] ApiDb:274 - Set plugin database path to: C:\ST\STM32CubeIDE_1.15.0\STM32CubeIDE\plugins\com.st.stm32cube.common.mx_6.11.0.202403141607\\db\/plugins/boardmanager/
2024-04-07 21:36:11,718 [INFO] ApiDb:261 - Set plugin images path to: C:\ST\STM32CubeIDE_1.15.0\STM32CubeIDE\plugins\com.st.stm32cube.common.mx_6.11.0.202403141607\\db\/plugins/mcufinder/images/
2024-04-07 21:36:11,718 [WARN] DbFile:41 - Overriding database path with different value: C:\Users\nisha\.stmcufinder\plugins\mcufinder/ => C:\Users\nisha\.stmcufinder\plugins\mcufinder
2024-04-07 21:36:11,719 [INFO] ApiDb:250 - Set database path to: C:\Users\nisha\.stmcufinder\plugins\mcufinder//mcu/
2024-04-07 21:36:11,719 [WARN] DbFile:41 - Overriding database path with different value: C:\Users\nisha\.stmcufinder\plugins\mcufinder/ => C:\Users\nisha\.stmcufinder\plugins\mcufinder
2024-04-07 21:36:11,719 [INFO] DbMcusAds:125 - Set database path to: C:\Users\nisha\.stmcufinder\plugins\mcufinder//mcu/
2024-04-07 21:36:11,719 [WARN] DbFile:41 - Overriding database path with different value: C:\Users\nisha\.stmcufinder\plugins\mcufinder/ => C:\Users\nisha\.stmcufinder\plugins\mcufinder
2024-04-07 21:36:11,719 [WARN] DbFile:41 - Overriding database path with different value: C:\Users\nisha\.stmcufinder\plugins\mcufinder/ => C:\Users\nisha\.stmcufinder\plugins\mcufinder
2024-04-07 21:36:11,719 [INFO] CrossReferenceDbSqlite:203 - Set database path to: C:\Users\nisha\.stmcufinder\plugins\mcufinder//mcu/cs/
2024-04-07 21:36:11,805 [INFO] ApplicationProperties:184 - Using Application install path: C:\ST\STM32CubeIDE_1.15.0\STM32CubeIDE\plugins\com.st.stm32cube.common.mx_6.11.0.202403141607
2024-04-07 21:36:11,812 [INFO] PluginManage:196 - Search for loadable plugins [exclusion list=, ]
2024-04-07 21:36:11,814 [INFO] PluginManage:310 - Check plugin analytics
2024-04-07 21:36:12,545 [ERROR] ConfigurationRetriever:142 - IOException on connection: Read timed out
2024-04-07 21:36:15,286 [ERROR] ConfigurationRetriever:142 - IOException on connection: Read timed out
2024-04-07 21:36:17,288 [ERROR] ConfigurationRetriever:142 - IOException on connection: Connect timed out
2024-04-07 21:36:18,273 [INFO] AnalyticsPlugin:253 - Accepted Software Licenses: 
2024-04-07 21:36:18,273 [INFO] AnalyticsPlugin:255 - Accepted CMSIS Pack Licenses: 
2024-04-07 21:36:18,274 [INFO] AnalyticsPlugin:257 - Accepted Firmware Licenses: 
2024-04-07 21:36:18,280 [INFO] PluginManage:359 - Loaded plugin analytics (category:tool,tabindex:-1)
2024-04-07 21:36:18,281 [INFO] PluginManage:310 - Check plugin cadmodel
2024-04-07 21:36:18,344 [INFO] CADModel:105 - Init CAD model plugin
2024-04-07 21:36:18,344 [INFO] PluginManage:359 - Loaded plugin cadmodel (category:power,tabindex:5)
2024-04-07 21:36:18,344 [INFO] PluginManage:310 - Check plugin clock
2024-04-07 21:36:18,358 [INFO] PluginManage:359 - Loaded plugin clock (category:base,tabindex:2)
2024-04-07 21:36:18,358 [INFO] PluginManage:310 - Check plugin ddr
2024-04-07 21:36:18,374 [INFO] PluginManage:359 - Loaded plugin ddr (category:tool,tabindex:6)
2024-04-07 21:36:18,374 [INFO] PluginManage:310 - Check plugin filemanager
2024-04-07 21:36:18,801 [INFO] PluginManage:359 - Loaded plugin filemanager (category:base,tabindex:10)
2024-04-07 21:36:18,802 [INFO] PluginManage:310 - Check plugin ipmanager
2024-04-07 21:36:18,827 [INFO] PluginManage:359 - Loaded plugin ipmanager (category:base,tabindex:5)
2024-04-07 21:36:18,827 [INFO] PluginManage:310 - Check plugin lpbam
2024-04-07 21:36:18,852 [INFO] PluginManage:359 - Loaded plugin lpbam (category:base,tabindex:0)
2024-04-07 21:36:18,852 [INFO] PluginManage:310 - Check plugin memorymap
2024-04-07 21:36:18,911 [INFO] PluginManage:359 - Loaded plugin memorymap (category:base,tabindex:4)
2024-04-07 21:36:18,911 [INFO] PluginManage:310 - Check plugin pinoutandconfiguration
2024-04-07 21:36:18,924 [INFO] PluginManage:359 - Loaded plugin pinoutandconfiguration (category:base,tabindex:1)
2024-04-07 21:36:18,925 [INFO] PluginManage:310 - Check plugin pinoutconfig
2024-04-07 21:36:19,276 [WARN] SupportedApi:132 - Cannot load RTOS API schema: s4s-elt-must-match.1: The content of 'definitions' must match (annotation?, (simpleType | complexType)?, (unique | key | keyref)*)). A problem was found starting at: attribute.
2024-04-07 21:36:19,703 [INFO] PluginManage:359 - Loaded plugin pinoutconfig (category:base,tabindex:0)
2024-04-07 21:36:19,703 [INFO] PluginManage:310 - Check plugin power
2024-04-07 21:36:19,808 [INFO] PluginManage:359 - Loaded plugin power (category:power,tabindex:4)
2024-04-07 21:36:19,808 [INFO] PluginManage:310 - Check plugin projectmanager
2024-04-07 21:36:19,904 [INFO] PluginManage:359 - Loaded plugin projectmanager (category:projectmanager,tabindex:3)
2024-04-07 21:36:19,905 [INFO] PluginManage:310 - Check plugin thirdparty
2024-04-07 21:36:20,562 [INFO] PluginManage:359 - Loaded plugin thirdparty (category:base,tabindex:-1)
2024-04-07 21:36:20,563 [INFO] PluginManage:310 - Check plugin tools
2024-04-07 21:36:20,570 [INFO] PluginManage:359 - Loaded plugin tools (category:base,tabindex:7)
2024-04-07 21:36:20,571 [INFO] PluginManage:310 - Check plugin tutovideos
2024-04-07 21:36:20,576 [WARN] IntegrityCheckThread:84 - waiting for thirdparty lock release [integrity check]
2024-04-07 21:36:20,580 [INFO] IntegrityCheckThread:86 - entering critical section [integrity check]
2024-04-07 21:36:20,581 [INFO] ThirdPartyUpdaterWithRetryManager:70 - Updater plugin not ready yet. [1/15]
2024-04-07 21:36:20,975 [INFO] PluginManage:359 - Loaded plugin tutovideos (category:base,tabindex:-1)
2024-04-07 21:36:20,976 [INFO] PluginManage:310 - Check plugin updater
2024-04-07 21:36:21,013 [INFO] PluginManage:359 - Loaded plugin updater (category:base,tabindex:12)
2024-04-07 21:36:21,013 [INFO] PluginManage:310 - Check plugin userauth
2024-04-07 21:36:21,041 [INFO] UserAuth:114 - Init User Auth plugin
2024-04-07 21:36:21,042 [INFO] PluginManage:359 - Loaded plugin userauth (category:base,tabindex:14)
2024-04-07 21:36:21,042 [INFO] PluginManage:283 - PluginManage : Loaded plugins [17]
2024-04-07 21:36:22,065 [INFO] PinOutPanel:1561 - setPackage(No Configuration,No Configuration)
2024-04-07 21:36:22,350 [INFO] CADModel:165 - CPN selected for project level
2024-04-07 21:36:22,351 [INFO] CADModel:114 - Register for checkConnection events
2024-04-07 21:36:22,385 [INFO] IPUIPlugin:80 - create IPUIPlugin
2024-04-07 21:36:22,386 [INFO] PluginManager:220 - loadIPPluginJar : add adc
2024-04-07 21:36:22,389 [INFO] IPUIPlugin:80 - create IPUIPlugin
2024-04-07 21:36:22,389 [INFO] PluginManager:220 - loadIPPluginJar : add aes
2024-04-07 21:36:22,393 [INFO] IPUIPlugin:80 - create IPUIPlugin
2024-04-07 21:36:22,393 [INFO] PluginManager:220 - loadIPPluginJar : add can
2024-04-07 21:36:22,396 [INFO] IPUIPlugin:80 - create IPUIPlugin
2024-04-07 21:36:22,396 [INFO] PluginManager:220 - loadIPPluginJar : add comp
2024-04-07 21:36:22,399 [INFO] IPUIPlugin:80 - create IPUIPlugin
2024-04-07 21:36:22,400 [INFO] PluginManager:220 - loadIPPluginJar : add cryp
2024-04-07 21:36:22,403 [INFO] IPUIPlugin:80 - create IPUIPlugin
2024-04-07 21:36:22,403 [INFO] PluginManager:220 - loadIPPluginJar : add dfsdm
2024-04-07 21:36:22,411 [INFO] IPUIPlugin:80 - create IPUIPlugin
2024-04-07 21:36:22,411 [INFO] PluginManager:220 - loadIPPluginJar : add dma
2024-04-07 21:36:22,415 [INFO] IPUIPlugin:80 - create IPUIPlugin
2024-04-07 21:36:22,416 [INFO] PluginManager:220 - loadIPPluginJar : add dma3
2024-04-07 21:36:22,419 [INFO] IPUIPlugin:80 - create IPUIPlugin
2024-04-07 21:36:22,420 [INFO] PluginManager:220 - loadIPPluginJar : add extmemmanager
2024-04-07 21:36:22,422 [INFO] IPUIPlugin:80 - create IPUIPlugin
2024-04-07 21:36:22,422 [INFO] PluginManager:220 - loadIPPluginJar : add fatfs
2024-04-07 21:36:22,428 [INFO] IPUIPlugin:80 - create IPUIPlugin
2024-04-07 21:36:22,428 [INFO] PluginManager:220 - loadIPPluginJar : add fmc
2024-04-07 21:36:22,434 [INFO] IPUIPlugin:80 - create IPUIPlugin
2024-04-07 21:36:22,435 [INFO] PluginManager:220 - loadIPPluginJar : add freertos
2024-04-07 21:36:22,437 [INFO] IPUIPlugin:80 - create IPUIPlugin
2024-04-07 21:36:22,438 [INFO] PluginManager:220 - loadIPPluginJar : add genericplugin
2024-04-07 21:36:22,441 [INFO] IPUIPlugin:80 - create IPUIPlugin
2024-04-07 21:36:22,441 [INFO] PluginManager:220 - loadIPPluginJar : add gfxmmu
2024-04-07 21:36:22,448 [INFO] IPUIPlugin:80 - create IPUIPlugin
2024-04-07 21:36:22,448 [INFO] PluginManager:220 - loadIPPluginJar : add gic
2024-04-07 21:36:22,455 [INFO] IPUIPlugin:80 - create IPUIPlugin
2024-04-07 21:36:22,455 [INFO] PluginManager:220 - loadIPPluginJar : add gpio
2024-04-07 21:36:22,460 [INFO] IPUIPlugin:80 - create IPUIPlugin
2024-04-07 21:36:22,460 [INFO] PluginManager:220 - loadIPPluginJar : add gtzc
2024-04-07 21:36:22,463 [INFO] IPUIPlugin:80 - create IPUIPlugin
2024-04-07 21:36:22,464 [INFO] PluginManager:220 - loadIPPluginJar : add hash
2024-04-07 21:36:22,468 [INFO] IPUIPlugin:80 - create IPUIPlugin
2024-04-07 21:36:22,468 [INFO] PluginManager:220 - loadIPPluginJar : add i2c
2024-04-07 21:36:22,472 [INFO] IPUIPlugin:80 - create IPUIPlugin
2024-04-07 21:36:22,472 [INFO] PluginManager:220 - loadIPPluginJar : add i2s
2024-04-07 21:36:22,477 [INFO] IPUIPlugin:80 - create IPUIPlugin
2024-04-07 21:36:22,477 [INFO] PluginManager:220 - loadIPPluginJar : add i3c
2024-04-07 21:36:22,514 [INFO] IPUIPlugin:80 - create IPUIPlugin
2024-04-07 21:36:22,514 [INFO] PluginManager:220 - loadIPPluginJar : add ipddr
2024-04-07 21:36:22,535 [INFO] IPUIPlugin:80 - create IPUIPlugin
2024-04-07 21:36:22,535 [INFO] PluginManager:220 - loadIPPluginJar : add linkedlist
2024-04-07 21:36:22,541 [INFO] IPUIPlugin:80 - create IPUIPlugin
2024-04-07 21:36:22,542 [INFO] PluginManager:220 - loadIPPluginJar : add lorawan
2024-04-07 21:36:22,544 [INFO] IPUIPlugin:80 - create IPUIPlugin
2024-04-07 21:36:22,545 [INFO] PluginManager:220 - loadIPPluginJar : add ltdc
2024-04-07 21:36:22,553 [INFO] IPUIPlugin:80 - create IPUIPlugin
2024-04-07 21:36:22,554 [INFO] PluginManager:220 - loadIPPluginJar : add mdma
2024-04-07 21:36:22,558 [INFO] IPUIPlugin:80 - create IPUIPlugin
2024-04-07 21:36:22,559 [INFO] PluginManager:220 - loadIPPluginJar : add nvic
2024-04-07 21:36:22,563 [INFO] IPUIPlugin:80 - create IPUIPlugin
2024-04-07 21:36:22,563 [INFO] PluginManager:220 - loadIPPluginJar : add opamp
2024-04-07 21:36:22,567 [INFO] IPUIPlugin:80 - create IPUIPlugin
2024-04-07 21:36:22,568 [INFO] PluginManager:220 - loadIPPluginJar : add openamp
2024-04-07 21:36:22,572 [INFO] IPUIPlugin:80 - create IPUIPlugin
2024-04-07 21:36:22,572 [INFO] PluginManager:220 - loadIPPluginJar : add pdm2pcm
2024-04-07 21:36:22,581 [INFO] IPUIPlugin:80 - create IPUIPlugin
2024-04-07 21:36:22,585 [INFO] PluginManager:220 - loadIPPluginJar : add plateformsettings
2024-04-07 21:36:22,587 [INFO] IPUIPlugin:80 - create IPUIPlugin
2024-04-07 21:36:22,587 [INFO] PluginManager:220 - loadIPPluginJar : add quadspi
2024-04-07 21:36:22,592 [INFO] IPUIPlugin:80 - create IPUIPlugin
2024-04-07 21:36:22,592 [INFO] PluginManager:220 - loadIPPluginJar : add resmgrutility
2024-04-07 21:36:22,598 [INFO] IPUIPlugin:80 - create IPUIPlugin
2024-04-07 21:36:22,598 [INFO] PluginManager:220 - loadIPPluginJar : add sai
2024-04-07 21:36:22,603 [INFO] IPUIPlugin:80 - create IPUIPlugin
2024-04-07 21:36:22,604 [INFO] PluginManager:220 - loadIPPluginJar : add spi
2024-04-07 21:36:22,611 [INFO] IPUIPlugin:80 - create IPUIPlugin
2024-04-07 21:36:22,611 [INFO] PluginManager:220 - loadIPPluginJar : add stm32_wpan
2024-04-07 21:36:22,614 [INFO] IPUIPlugin:80 - create IPUIPlugin
2024-04-07 21:36:22,614 [INFO] PluginManager:220 - loadIPPluginJar : add tim
2024-04-07 21:36:22,619 [INFO] IPUIPlugin:80 - create IPUIPlugin
2024-04-07 21:36:22,619 [INFO] PluginManager:220 - loadIPPluginJar : add touchsensing
2024-04-07 21:36:22,622 [INFO] IPUIPlugin:80 - create IPUIPlugin
2024-04-07 21:36:22,622 [INFO] PluginManager:220 - loadIPPluginJar : add tracer_emb
2024-04-07 21:36:22,625 [INFO] IPUIPlugin:80 - create IPUIPlugin
2024-04-07 21:36:22,625 [INFO] PluginManager:220 - loadIPPluginJar : add ts
2024-04-07 21:36:22,628 [INFO] IPUIPlugin:80 - create IPUIPlugin
2024-04-07 21:36:22,628 [INFO] PluginManager:220 - loadIPPluginJar : add tsc
2024-04-07 21:36:22,631 [INFO] IPUIPlugin:80 - create IPUIPlugin
2024-04-07 21:36:22,632 [INFO] PluginManager:220 - loadIPPluginJar : add ucpd
2024-04-07 21:36:22,637 [INFO] IPUIPlugin:80 - create IPUIPlugin
2024-04-07 21:36:22,637 [INFO] PluginManager:220 - loadIPPluginJar : add usart
2024-04-07 21:36:22,654 [INFO] IPUIPlugin:80 - create IPUIPlugin
2024-04-07 21:36:22,654 [INFO] PluginManager:220 - loadIPPluginJar : add usbx
2024-04-07 21:36:22,896 [INFO] CADModel:165 - CPN selected for project level
2024-04-07 21:36:22,897 [INFO] CADModel:114 - Register for checkConnection events
2024-04-07 21:36:22,898 [FATAL] Updater:308 - Updater called before beeing initialized
2024-04-07 21:36:22,898 [ERROR] CADModel:125 - Updater not yet initialized, retry later 
2024-04-07 21:36:23,532 [INFO] CADModel:165 - CPN selected for project level
2024-04-07 21:36:23,532 [INFO] CADModel:114 - Register for checkConnection events
2024-04-07 21:36:23,532 [FATAL] Updater:308 - Updater called before beeing initialized
2024-04-07 21:36:23,532 [ERROR] CADModel:125 - Updater not yet initialized, retry later 
2024-04-07 21:36:23,537 [FATAL] Updater:308 - Updater called before beeing initialized
2024-04-07 21:36:23,584 [INFO] ThirdPartyUpdaterWithRetryManager:70 - Updater plugin not ready yet. [2/15]
2024-04-07 21:36:23,852 [FATAL] Updater:308 - Updater called before beeing initialized
2024-04-07 21:36:23,866 [INFO] DbMcusAds:53 - JSON generation date=Wed Nov 29 16:22:27 IST 2023 (1701255147349)
2024-04-07 21:36:23,866 [FATAL] Updater:308 - Updater called before beeing initialized
2024-04-07 21:36:24,136 [WARN] DetailPanel:346 - Failed to get advertising image, set to default
2024-04-07 21:36:24,372 [FATAL] Updater:308 - Updater called before beeing initialized
2024-04-07 21:36:24,392 [FATAL] Updater:308 - Updater called before beeing initialized
2024-04-07 21:36:24,392 [FATAL] Updater:308 - Updater called before beeing initialized
2024-04-07 21:36:24,392 [WARN] DetailPanel:346 - Failed to get advertising image, set to default
2024-04-07 21:36:24,394 [FATAL] Updater:308 - Updater called before beeing initialized
2024-04-07 21:36:24,565 [ERROR] Updater:1120 - MainUpdater not yet initialized. External WinMGr cannot be set.
2024-04-07 21:36:24,622 [INFO] Updater:1056 - Updater Version found : 6.11.0
2024-04-07 21:36:24,655 [INFO] ApplicationProperties:184 - Using Application install path: C:\ST\STM32CubeIDE_1.15.0\STM32CubeIDE\plugins\com.st.stm32cube.common.mx_6.11.0.202403141607
2024-04-07 21:36:26,242 [ERROR] LogOutputStream:75 - [STDERR_REDIRECT] Apr 07, 2024 9:36:26 PM java.util.prefs.WindowsPreferences <init>
2024-04-07 21:36:26,245 [ERROR] LogOutputStream:75 - [STDERR_REDIRECT] WARNING: Could not open/create prefs root node Software\JavaSoft\Prefs at root 0xffffffff80000002. Windows RegCreateKeyEx(...) returned error code 5.
2024-04-07 21:36:26,247 [ERROR] LogOutputStream:75 - [STDERR_REDIRECT] 
2024-04-07 21:36:26,586 [FATAL] Updater:308 - Updater called before beeing initialized
2024-04-07 21:36:26,586 [ERROR] IntegrityCheckThread:130 - Cannot retrieve database content from updater: error 21
2024-04-07 21:36:26,587 [INFO] ThirdParty:978 - Integrity check success = false
2024-04-07 21:36:26,587 [INFO] IntegrityCheckThread:100 - exiting critical section [integrity check]
2024-04-07 21:36:26,587 [INFO] IntegrityCheckThread:103 - End integrity checks thread
2024-04-07 21:36:27,337 [INFO] MainUpdater:2873 - connection check result : 10
2024-04-07 21:36:27,338 [INFO] MainUpdater:290 - Updater Check For Update Now.
2024-04-07 21:36:27,339 [INFO] MicroXplorer:498 - Change Database Version : DB.6.0.110
2024-04-07 21:36:27,381 [INFO] McuFinderGlobals:63 - Set McuFinder mode to 2 (CubeIDE integrated)
2024-04-07 21:36:27,381 [INFO] UserAuth:179 - activating auth plugin
2024-04-07 21:36:27,388 [INFO] UserAuth:415 - Internet connection configuration mode: 1
2024-04-07 21:36:27,661 [INFO] JxBrowserEngine:152 - Initiate JxBrowser Engine with user profile folder
2024-04-07 21:36:27,899 [INFO] CheckServerUpdateThread:120 - End of CheckServer Thread
2024-04-07 21:36:40,923 [INFO] WebApp:161 - Instantiating new browser for Auth
2024-04-07 21:36:45,986 [INFO] WebApp:779 - Register for checkConnection events
2024-04-07 21:36:45,986 [INFO] WebApp:414 - Apply proxy settings
2024-04-07 21:36:45,987 [INFO] WebApp:499 - Chromium requires no authentication
2024-04-07 21:36:46,000 [INFO] WebApp:442 - Direct internet connection detected
2024-04-07 21:36:46,842 [INFO] WebApp:192 - Starting web application
2024-04-07 21:36:46,842 [INFO] WebApp:544 - Web application path used C:\ST\STM32CubeIDE_1.15.0\STM32CubeIDE\plugins\com.st.stm32cube.common.mx_6.11.0.202403141607\db\plugins\mcufinder\reactClient1\index.html
2024-04-07 22:29:39,764 [ERROR] LogOutputStream:75 - [STDERR_REDIRECT] 
