2024-04-09 13:01:27,755 [INFO] Activator:176 - 


2024-04-09 13:01:27,782 [INFO] Activator:177 - !SESSION log4j initialized
2024-04-09 13:01:39,229 [INFO] LogOutputStream:77 - [STDOUT_REDIRECT] 
2024-04-09 13:01:47,445 [INFO] ApplicationProperties:184 - Using Application install path: C:\ST\STM32CubeIDE_1.15.0\STM32CubeIDE\plugins\com.st.stm32cube.common.mx_6.11.0.202403141607
2024-04-09 13:01:47,488 [INFO] DbMcusXml:78 - Set database path to: C:\ST\STM32CubeIDE_1.15.0\STM32CubeIDE\plugins\com.st.stm32cube.common.mx_6.11.0.202403141607\\db\/mcu/
2024-04-09 13:01:47,489 [INFO] ApiDb:274 - Set plugin database path to: C:\ST\STM32CubeIDE_1.15.0\STM32CubeIDE\plugins\com.st.stm32cube.common.mx_6.11.0.202403141607\\db\/plugins/boardmanager/
2024-04-09 13:01:47,491 [WARN] ApiDb:259 - Overriding images path with different value:  => C:\ST\STM32CubeIDE_1.15.0\STM32CubeIDE\plugins\com.st.stm32cube.common.mx_6.11.0.202403141607\\db\/plugins/mcufinder/images/
2024-04-09 13:01:47,503 [INFO] ApiDb:250 - Set database path to: C:\Users\nisha\.stmcufinder\plugins\mcufinder//mcu/
2024-04-09 13:01:47,505 [INFO] DbMcusAds:125 - Set database path to: C:\Users\nisha\.stmcufinder\plugins\mcufinder//mcu/
2024-04-09 13:01:47,510 [INFO] CrossReferenceDbSqlite:203 - Set database path to: C:\Users\nisha\.stmcufinder\plugins\mcufinder//mcu/cs/
2024-04-09 13:01:47,739 [INFO] RulesReader:64 - Compatibility file has been processed (297 Rules)
2024-04-09 13:01:47,875 [INFO] DbMcusXml:78 - Set database path to: C:\ST\STM32CubeIDE_1.15.0\STM32CubeIDE\plugins\com.st.stm32cube.common.mx_6.11.0.202403141607\\db\/mcu/
2024-04-09 13:01:47,875 [INFO] ApiDb:274 - Set plugin database path to: C:\ST\STM32CubeIDE_1.15.0\STM32CubeIDE\plugins\com.st.stm32cube.common.mx_6.11.0.202403141607\\db\/plugins/boardmanager/
2024-04-09 13:01:47,876 [INFO] ApiDb:261 - Set plugin images path to: C:\ST\STM32CubeIDE_1.15.0\STM32CubeIDE\plugins\com.st.stm32cube.common.mx_6.11.0.202403141607\\db\/plugins/mcufinder/images/
2024-04-09 13:01:47,876 [WARN] DbFile:41 - Overriding database path with different value: C:\Users\nisha\.stmcufinder\plugins\mcufinder/ => C:\Users\nisha\.stmcufinder\plugins\mcufinder
2024-04-09 13:01:47,876 [INFO] ApiDb:250 - Set database path to: C:\Users\nisha\.stmcufinder\plugins\mcufinder//mcu/
2024-04-09 13:01:47,876 [WARN] DbFile:41 - Overriding database path with different value: C:\Users\nisha\.stmcufinder\plugins\mcufinder/ => C:\Users\nisha\.stmcufinder\plugins\mcufinder
2024-04-09 13:01:47,877 [INFO] DbMcusAds:125 - Set database path to: C:\Users\nisha\.stmcufinder\plugins\mcufinder//mcu/
2024-04-09 13:01:47,877 [WARN] DbFile:41 - Overriding database path with different value: C:\Users\nisha\.stmcufinder\plugins\mcufinder/ => C:\Users\nisha\.stmcufinder\plugins\mcufinder
2024-04-09 13:01:47,877 [WARN] DbFile:41 - Overriding database path with different value: C:\Users\nisha\.stmcufinder\plugins\mcufinder/ => C:\Users\nisha\.stmcufinder\plugins\mcufinder
2024-04-09 13:01:47,877 [INFO] CrossReferenceDbSqlite:203 - Set database path to: C:\Users\nisha\.stmcufinder\plugins\mcufinder//mcu/cs/
2024-04-09 13:01:48,043 [INFO] MainPanel:264 - HeapMemory: 268435456
2024-04-09 13:01:48,155 [INFO] DbMcusXml:78 - Set database path to: C:\ST\STM32CubeIDE_1.15.0\STM32CubeIDE\plugins\com.st.stm32cube.common.mx_6.11.0.202403141607\\db\/mcu/
2024-04-09 13:01:48,155 [INFO] ApiDb:274 - Set plugin database path to: C:\ST\STM32CubeIDE_1.15.0\STM32CubeIDE\plugins\com.st.stm32cube.common.mx_6.11.0.202403141607\\db\/plugins/boardmanager/
2024-04-09 13:01:48,155 [INFO] ApiDb:261 - Set plugin images path to: C:\ST\STM32CubeIDE_1.15.0\STM32CubeIDE\plugins\com.st.stm32cube.common.mx_6.11.0.202403141607\\db\/plugins/mcufinder/images/
2024-04-09 13:01:48,155 [WARN] DbFile:41 - Overriding database path with different value: C:\Users\nisha\.stmcufinder\plugins\mcufinder/ => C:\Users\nisha\.stmcufinder\plugins\mcufinder
2024-04-09 13:01:48,156 [INFO] ApiDb:250 - Set database path to: C:\Users\nisha\.stmcufinder\plugins\mcufinder//mcu/
2024-04-09 13:01:48,156 [WARN] DbFile:41 - Overriding database path with different value: C:\Users\nisha\.stmcufinder\plugins\mcufinder/ => C:\Users\nisha\.stmcufinder\plugins\mcufinder
2024-04-09 13:01:48,156 [INFO] DbMcusAds:125 - Set database path to: C:\Users\nisha\.stmcufinder\plugins\mcufinder//mcu/
2024-04-09 13:01:48,156 [WARN] DbFile:41 - Overriding database path with different value: C:\Users\nisha\.stmcufinder\plugins\mcufinder/ => C:\Users\nisha\.stmcufinder\plugins\mcufinder
2024-04-09 13:01:48,157 [WARN] DbFile:41 - Overriding database path with different value: C:\Users\nisha\.stmcufinder\plugins\mcufinder/ => C:\Users\nisha\.stmcufinder\plugins\mcufinder
2024-04-09 13:01:48,157 [INFO] CrossReferenceDbSqlite:203 - Set database path to: C:\Users\nisha\.stmcufinder\plugins\mcufinder//mcu/cs/
2024-04-09 13:01:48,185 [INFO] ApplicationProperties:184 - Using Application install path: C:\ST\STM32CubeIDE_1.15.0\STM32CubeIDE\plugins\com.st.stm32cube.common.mx_6.11.0.202403141607
2024-04-09 13:01:48,187 [INFO] PluginManage:196 - Search for loadable plugins [exclusion list=, ]
2024-04-09 13:01:48,189 [INFO] PluginManage:310 - Check plugin analytics
2024-04-09 13:01:53,231 [INFO] AnalyticsPlugin:253 - Accepted Software Licenses: 
2024-04-09 13:01:53,231 [INFO] AnalyticsPlugin:255 - Accepted CMSIS Pack Licenses: 
2024-04-09 13:01:53,231 [INFO] AnalyticsPlugin:257 - Accepted Firmware Licenses: 
2024-04-09 13:01:53,240 [INFO] PluginManage:359 - Loaded plugin analytics (category:tool,tabindex:-1)
2024-04-09 13:01:53,242 [INFO] PluginManage:310 - Check plugin cadmodel
2024-04-09 13:01:53,265 [INFO] CADModel:105 - Init CAD model plugin
2024-04-09 13:01:53,265 [INFO] PluginManage:359 - Loaded plugin cadmodel (category:power,tabindex:5)
2024-04-09 13:01:53,265 [INFO] PluginManage:310 - Check plugin clock
2024-04-09 13:01:53,302 [INFO] PluginManage:359 - Loaded plugin clock (category:base,tabindex:2)
2024-04-09 13:01:53,302 [INFO] PluginManage:310 - Check plugin ddr
2024-04-09 13:01:53,305 [INFO] PluginManage:359 - Loaded plugin ddr (category:tool,tabindex:6)
2024-04-09 13:01:53,305 [INFO] PluginManage:310 - Check plugin filemanager
2024-04-09 13:01:53,521 [INFO] PluginManage:359 - Loaded plugin filemanager (category:base,tabindex:10)
2024-04-09 13:01:53,522 [INFO] PluginManage:310 - Check plugin ipmanager
2024-04-09 13:01:53,534 [INFO] PluginManage:359 - Loaded plugin ipmanager (category:base,tabindex:5)
2024-04-09 13:01:53,534 [INFO] PluginManage:310 - Check plugin lpbam
2024-04-09 13:01:53,557 [INFO] PluginManage:359 - Loaded plugin lpbam (category:base,tabindex:0)
2024-04-09 13:01:53,557 [INFO] PluginManage:310 - Check plugin memorymap
2024-04-09 13:01:53,653 [INFO] PluginManage:359 - Loaded plugin memorymap (category:base,tabindex:4)
2024-04-09 13:01:53,653 [INFO] PluginManage:310 - Check plugin pinoutandconfiguration
2024-04-09 13:01:53,686 [INFO] PluginManage:359 - Loaded plugin pinoutandconfiguration (category:base,tabindex:1)
2024-04-09 13:01:53,686 [INFO] PluginManage:310 - Check plugin pinoutconfig
2024-04-09 13:01:53,881 [WARN] SupportedApi:132 - Cannot load RTOS API schema: s4s-elt-must-match.1: The content of 'definitions' must match (annotation?, (simpleType | complexType)?, (unique | key | keyref)*)). A problem was found starting at: attribute.
2024-04-09 13:01:54,123 [INFO] PluginManage:359 - Loaded plugin pinoutconfig (category:base,tabindex:0)
2024-04-09 13:01:54,123 [INFO] PluginManage:310 - Check plugin power
2024-04-09 13:01:54,160 [INFO] PluginManage:359 - Loaded plugin power (category:power,tabindex:4)
2024-04-09 13:01:54,161 [INFO] PluginManage:310 - Check plugin projectmanager
2024-04-09 13:01:54,203 [INFO] PluginManage:359 - Loaded plugin projectmanager (category:projectmanager,tabindex:3)
2024-04-09 13:01:54,203 [INFO] PluginManage:310 - Check plugin thirdparty
2024-04-09 13:01:54,895 [INFO] PluginManage:359 - Loaded plugin thirdparty (category:base,tabindex:-1)
2024-04-09 13:01:54,895 [INFO] PluginManage:310 - Check plugin tools
2024-04-09 13:01:54,895 [WARN] IntegrityCheckThread:84 - waiting for thirdparty lock release [integrity check]
2024-04-09 13:01:54,899 [INFO] IntegrityCheckThread:86 - entering critical section [integrity check]
2024-04-09 13:01:54,900 [INFO] ThirdPartyUpdaterWithRetryManager:70 - Updater plugin not ready yet. [1/15]
2024-04-09 13:01:55,075 [INFO] PluginManage:359 - Loaded plugin tools (category:base,tabindex:7)
2024-04-09 13:01:55,075 [INFO] PluginManage:310 - Check plugin tutovideos
2024-04-09 13:01:55,482 [INFO] PluginManage:359 - Loaded plugin tutovideos (category:base,tabindex:-1)
2024-04-09 13:01:55,483 [INFO] PluginManage:310 - Check plugin updater
2024-04-09 13:01:55,499 [INFO] PluginManage:359 - Loaded plugin updater (category:base,tabindex:12)
2024-04-09 13:01:55,499 [INFO] PluginManage:310 - Check plugin userauth
2024-04-09 13:01:55,506 [INFO] UserAuth:114 - Init User Auth plugin
2024-04-09 13:01:55,506 [INFO] PluginManage:359 - Loaded plugin userauth (category:base,tabindex:14)
2024-04-09 13:01:55,507 [INFO] PluginManage:283 - PluginManage : Loaded plugins [17]
2024-04-09 13:01:55,955 [INFO] PinOutPanel:1561 - setPackage(No Configuration,No Configuration)
2024-04-09 13:01:56,147 [INFO] CADModel:165 - CPN selected for project level
2024-04-09 13:01:56,147 [INFO] CADModel:114 - Register for checkConnection events
2024-04-09 13:01:56,366 [INFO] IPUIPlugin:80 - create IPUIPlugin
2024-04-09 13:01:56,366 [INFO] PluginManager:220 - loadIPPluginJar : add adc
2024-04-09 13:01:56,703 [INFO] IPUIPlugin:80 - create IPUIPlugin
2024-04-09 13:01:56,703 [INFO] PluginManager:220 - loadIPPluginJar : add aes
2024-04-09 13:01:56,804 [INFO] IPUIPlugin:80 - create IPUIPlugin
2024-04-09 13:01:56,804 [INFO] PluginManager:220 - loadIPPluginJar : add can
2024-04-09 13:01:56,908 [INFO] IPUIPlugin:80 - create IPUIPlugin
2024-04-09 13:01:56,908 [INFO] PluginManager:220 - loadIPPluginJar : add comp
2024-04-09 13:01:56,982 [INFO] IPUIPlugin:80 - create IPUIPlugin
2024-04-09 13:01:56,982 [INFO] PluginManager:220 - loadIPPluginJar : add cryp
2024-04-09 13:01:57,053 [INFO] IPUIPlugin:80 - create IPUIPlugin
2024-04-09 13:01:57,054 [INFO] PluginManager:220 - loadIPPluginJar : add dfsdm
2024-04-09 13:01:57,085 [INFO] IPUIPlugin:80 - create IPUIPlugin
2024-04-09 13:01:57,086 [INFO] PluginManager:220 - loadIPPluginJar : add dma
2024-04-09 13:01:57,189 [INFO] IPUIPlugin:80 - create IPUIPlugin
2024-04-09 13:01:57,189 [INFO] PluginManager:220 - loadIPPluginJar : add dma3
2024-04-09 13:01:57,277 [INFO] IPUIPlugin:80 - create IPUIPlugin
2024-04-09 13:01:57,277 [INFO] PluginManager:220 - loadIPPluginJar : add extmemmanager
2024-04-09 13:01:57,349 [INFO] IPUIPlugin:80 - create IPUIPlugin
2024-04-09 13:01:57,349 [INFO] PluginManager:220 - loadIPPluginJar : add fatfs
2024-04-09 13:01:57,425 [INFO] IPUIPlugin:80 - create IPUIPlugin
2024-04-09 13:01:57,425 [INFO] PluginManager:220 - loadIPPluginJar : add fmc
2024-04-09 13:01:57,454 [INFO] IPUIPlugin:80 - create IPUIPlugin
2024-04-09 13:01:57,455 [INFO] PluginManager:220 - loadIPPluginJar : add freertos
2024-04-09 13:01:57,483 [INFO] IPUIPlugin:80 - create IPUIPlugin
2024-04-09 13:01:57,484 [INFO] PluginManager:220 - loadIPPluginJar : add genericplugin
2024-04-09 13:01:57,782 [INFO] IPUIPlugin:80 - create IPUIPlugin
2024-04-09 13:01:57,783 [INFO] PluginManager:220 - loadIPPluginJar : add gfxmmu
2024-04-09 13:01:57,900 [INFO] ThirdPartyUpdaterWithRetryManager:70 - Updater plugin not ready yet. [2/15]
2024-04-09 13:01:58,115 [INFO] IPUIPlugin:80 - create IPUIPlugin
2024-04-09 13:01:58,115 [INFO] PluginManager:220 - loadIPPluginJar : add gic
2024-04-09 13:01:58,145 [INFO] IPUIPlugin:80 - create IPUIPlugin
2024-04-09 13:01:58,146 [INFO] PluginManager:220 - loadIPPluginJar : add gpio
2024-04-09 13:01:58,300 [INFO] IPUIPlugin:80 - create IPUIPlugin
2024-04-09 13:01:58,300 [INFO] PluginManager:220 - loadIPPluginJar : add gtzc
2024-04-09 13:01:58,348 [INFO] IPUIPlugin:80 - create IPUIPlugin
2024-04-09 13:01:58,348 [INFO] PluginManager:220 - loadIPPluginJar : add hash
2024-04-09 13:01:58,504 [INFO] IPUIPlugin:80 - create IPUIPlugin
2024-04-09 13:01:58,504 [INFO] PluginManager:220 - loadIPPluginJar : add i2c
2024-04-09 13:01:58,641 [INFO] IPUIPlugin:80 - create IPUIPlugin
2024-04-09 13:01:58,641 [INFO] PluginManager:220 - loadIPPluginJar : add i2s
2024-04-09 13:01:58,728 [INFO] IPUIPlugin:80 - create IPUIPlugin
2024-04-09 13:01:58,728 [INFO] PluginManager:220 - loadIPPluginJar : add i3c
2024-04-09 13:01:59,004 [INFO] IPUIPlugin:80 - create IPUIPlugin
2024-04-09 13:01:59,004 [INFO] PluginManager:220 - loadIPPluginJar : add ipddr
2024-04-09 13:01:59,270 [INFO] IPUIPlugin:80 - create IPUIPlugin
2024-04-09 13:01:59,270 [INFO] PluginManager:220 - loadIPPluginJar : add linkedlist
2024-04-09 13:01:59,323 [INFO] IPUIPlugin:80 - create IPUIPlugin
2024-04-09 13:01:59,324 [INFO] PluginManager:220 - loadIPPluginJar : add lorawan
2024-04-09 13:01:59,391 [INFO] IPUIPlugin:80 - create IPUIPlugin
2024-04-09 13:01:59,391 [INFO] PluginManager:220 - loadIPPluginJar : add ltdc
2024-04-09 13:01:59,445 [INFO] IPUIPlugin:80 - create IPUIPlugin
2024-04-09 13:01:59,446 [INFO] PluginManager:220 - loadIPPluginJar : add mdma
2024-04-09 13:01:59,483 [INFO] IPUIPlugin:80 - create IPUIPlugin
2024-04-09 13:01:59,483 [INFO] PluginManager:220 - loadIPPluginJar : add nvic
2024-04-09 13:01:59,544 [INFO] IPUIPlugin:80 - create IPUIPlugin
2024-04-09 13:01:59,544 [INFO] PluginManager:220 - loadIPPluginJar : add opamp
2024-04-09 13:01:59,683 [INFO] IPUIPlugin:80 - create IPUIPlugin
2024-04-09 13:01:59,684 [INFO] PluginManager:220 - loadIPPluginJar : add openamp
2024-04-09 13:01:59,772 [INFO] IPUIPlugin:80 - create IPUIPlugin
2024-04-09 13:01:59,772 [INFO] PluginManager:220 - loadIPPluginJar : add pdm2pcm
2024-04-09 13:01:59,811 [INFO] IPUIPlugin:80 - create IPUIPlugin
2024-04-09 13:01:59,815 [INFO] PluginManager:220 - loadIPPluginJar : add plateformsettings
2024-04-09 13:01:59,880 [INFO] IPUIPlugin:80 - create IPUIPlugin
2024-04-09 13:01:59,880 [INFO] PluginManager:220 - loadIPPluginJar : add quadspi
2024-04-09 13:01:59,896 [INFO] IPUIPlugin:80 - create IPUIPlugin
2024-04-09 13:01:59,897 [INFO] PluginManager:220 - loadIPPluginJar : add resmgrutility
2024-04-09 13:01:59,983 [INFO] IPUIPlugin:80 - create IPUIPlugin
2024-04-09 13:01:59,983 [INFO] PluginManager:220 - loadIPPluginJar : add sai
2024-04-09 13:02:00,050 [INFO] IPUIPlugin:80 - create IPUIPlugin
2024-04-09 13:02:00,050 [INFO] PluginManager:220 - loadIPPluginJar : add spi
2024-04-09 13:02:00,154 [INFO] IPUIPlugin:80 - create IPUIPlugin
2024-04-09 13:02:00,154 [INFO] PluginManager:220 - loadIPPluginJar : add stm32_wpan
2024-04-09 13:02:00,187 [INFO] IPUIPlugin:80 - create IPUIPlugin
2024-04-09 13:02:00,187 [INFO] PluginManager:220 - loadIPPluginJar : add tim
2024-04-09 13:02:00,355 [INFO] IPUIPlugin:80 - create IPUIPlugin
2024-04-09 13:02:00,356 [INFO] PluginManager:220 - loadIPPluginJar : add touchsensing
2024-04-09 13:02:00,393 [INFO] IPUIPlugin:80 - create IPUIPlugin
2024-04-09 13:02:00,394 [INFO] PluginManager:220 - loadIPPluginJar : add tracer_emb
2024-04-09 13:02:00,440 [INFO] IPUIPlugin:80 - create IPUIPlugin
2024-04-09 13:02:00,441 [INFO] PluginManager:220 - loadIPPluginJar : add ts
2024-04-09 13:02:00,476 [INFO] IPUIPlugin:80 - create IPUIPlugin
2024-04-09 13:02:00,476 [INFO] PluginManager:220 - loadIPPluginJar : add tsc
2024-04-09 13:02:00,510 [INFO] IPUIPlugin:80 - create IPUIPlugin
2024-04-09 13:02:00,510 [INFO] PluginManager:220 - loadIPPluginJar : add ucpd
2024-04-09 13:02:00,738 [INFO] IPUIPlugin:80 - create IPUIPlugin
2024-04-09 13:02:00,739 [INFO] PluginManager:220 - loadIPPluginJar : add usart
2024-04-09 13:02:00,901 [INFO] ThirdPartyUpdaterWithRetryManager:70 - Updater plugin not ready yet. [3/15]
2024-04-09 13:02:00,915 [INFO] IPUIPlugin:80 - create IPUIPlugin
2024-04-09 13:02:00,915 [INFO] PluginManager:220 - loadIPPluginJar : add usbx
2024-04-09 13:02:01,891 [INFO] CADModel:165 - CPN selected for project level
2024-04-09 13:02:01,892 [INFO] CADModel:114 - Register for checkConnection events
2024-04-09 13:02:01,893 [FATAL] Updater:308 - Updater called before beeing initialized
2024-04-09 13:02:01,894 [ERROR] CADModel:125 - Updater not yet initialized, retry later 
2024-04-09 13:02:02,463 [INFO] CADModel:165 - CPN selected for project level
2024-04-09 13:02:02,463 [INFO] CADModel:114 - Register for checkConnection events
2024-04-09 13:02:02,463 [FATAL] Updater:308 - Updater called before beeing initialized
2024-04-09 13:02:02,464 [ERROR] CADModel:125 - Updater not yet initialized, retry later 
2024-04-09 13:02:02,471 [FATAL] Updater:308 - Updater called before beeing initialized
2024-04-09 13:02:03,051 [FATAL] Updater:308 - Updater called before beeing initialized
2024-04-09 13:02:03,089 [INFO] DbMcusAds:53 - JSON generation date=Wed Nov 29 16:22:27 IST 2023 (1701255147349)
2024-04-09 13:02:03,089 [FATAL] Updater:308 - Updater called before beeing initialized
2024-04-09 13:02:03,430 [WARN] DetailPanel:346 - Failed to get advertising image, set to default
2024-04-09 13:02:03,643 [FATAL] Updater:308 - Updater called before beeing initialized
2024-04-09 13:02:03,646 [FATAL] Updater:308 - Updater called before beeing initialized
2024-04-09 13:02:03,647 [FATAL] Updater:308 - Updater called before beeing initialized
2024-04-09 13:02:03,647 [WARN] DetailPanel:346 - Failed to get advertising image, set to default
2024-04-09 13:02:03,648 [FATAL] Updater:308 - Updater called before beeing initialized
2024-04-09 13:02:03,797 [ERROR] Updater:1120 - MainUpdater not yet initialized. External WinMGr cannot be set.
2024-04-09 13:02:03,826 [INFO] Updater:1056 - Updater Version found : 6.11.0
2024-04-09 13:02:03,857 [INFO] ApplicationProperties:184 - Using Application install path: C:\ST\STM32CubeIDE_1.15.0\STM32CubeIDE\plugins\com.st.stm32cube.common.mx_6.11.0.202403141607
2024-04-09 13:02:03,902 [INFO] ThirdPartyUpdaterWithRetryManager:70 - Updater plugin not ready yet. [4/15]
2024-04-09 13:02:05,477 [ERROR] LogOutputStream:75 - [STDERR_REDIRECT] Apr 09, 2024 1:02:05 PM java.util.prefs.WindowsPreferences <init>
2024-04-09 13:02:05,481 [ERROR] LogOutputStream:75 - [STDERR_REDIRECT] WARNING: Could not open/create prefs root node Software\JavaSoft\Prefs at root 0xffffffff80000002. Windows RegCreateKeyEx(...) returned error code 5.
2024-04-09 13:02:05,481 [ERROR] LogOutputStream:75 - [STDERR_REDIRECT] 
2024-04-09 13:02:06,049 [INFO] MainUpdater:2873 - connection check result : 10
2024-04-09 13:02:06,050 [INFO] MainUpdater:3567 - Updater definition file requires update
2024-04-09 13:02:06,052 [INFO] MainUpdater:290 - Updater Check For Update Now.
2024-04-09 13:02:06,053 [INFO] MicroXplorer:498 - Change Database Version : DB.6.0.110
2024-04-09 13:02:06,199 [INFO] McuFinderGlobals:63 - Set McuFinder mode to 2 (CubeIDE integrated)
2024-04-09 13:02:06,200 [INFO] UserAuth:179 - activating auth plugin
2024-04-09 13:02:06,205 [INFO] UserAuth:415 - Internet connection configuration mode: 1
2024-04-09 13:02:06,255 [INFO] ServerAccessManage:473 - Download File updaters.zip
2024-04-09 13:02:06,335 [INFO] JxBrowserEngine:152 - Initiate JxBrowser Engine with user profile folder
2024-04-09 13:02:06,483 [INFO] FileExtend:240 - Unzip File : updaters.zip
2024-04-09 13:02:06,484 [INFO] FileExtend:255 - Standard Zip Deflate
2024-04-09 13:02:06,905 [WARN] MainUpdater:1194 - Updater busy. Cannot search thirdparties
2024-04-09 13:02:06,906 [INFO] ThirdPartyUpdaterWithRetryManager:96 - Updater plugin is busy. [1/15]
2024-04-09 13:02:07,608 [INFO] ServerAccessManage:473 - Download File PacksControlFlags.xml
2024-04-09 13:02:08,204 [INFO] ServerAccessManage:473 - Download File cubemx.pidx
2024-04-09 13:02:09,907 [WARN] MainUpdater:1194 - Updater busy. Cannot search thirdparties
2024-04-09 13:02:09,907 [INFO] ThirdPartyUpdaterWithRetryManager:96 - Updater plugin is busy. [2/15]
2024-04-09 13:02:11,751 [INFO] ServerAccessManage:473 - Download File STMicroelectronics.X-CUBE-TCPP.pdsc
2024-04-09 13:02:12,909 [WARN] MainUpdater:1194 - Updater busy. Cannot search thirdparties
2024-04-09 13:02:12,910 [INFO] ThirdPartyUpdaterWithRetryManager:96 - Updater plugin is busy. [3/15]
2024-04-09 13:02:14,562 [INFO] CheckServerUpdateThread:120 - End of CheckServer Thread
2024-04-09 13:02:14,694 [WARN] PackLoader:240 - Cannot read IP mode file for STMicroelectronics.X-CUBE-TCPP.4.1.0
2024-04-09 13:02:14,704 [INFO] PopulateThirdPartyThread:66 - Ending populate Thread
2024-04-09 13:02:14,717 [INFO] ThirdParty:1030 - CMSIS Pack Vendor :STMicroelectronics X-CUBE-TCPP 4.1.0
2024-04-09 13:02:14,718 [INFO] LoadServerUpdatesThread:375 - End of LoadServerUpdate Thread
2024-04-09 13:02:17,198 [WARN] PackLoader:240 - Cannot read IP mode file for STMicroelectronics.X-CUBE-SMBUS.2.1.0
2024-04-09 13:02:17,308 [WARN] PackLoader:240 - Cannot read IP mode file for STMicroelectronics.X-CUBE-TOUCHGFX.4.23.2
2024-04-09 13:02:17,509 [WARN] PackLoader:240 - Cannot read IP mode file for STMicroelectronics.X-CUBE-AZRTOS-F7.1.1.0
2024-04-09 13:02:17,538 [WARN] PackLoader:240 - Cannot read IP mode file for STMicroelectronics.FP-SNS-FLIGHT1.5.0.2
2024-04-09 13:02:17,589 [WARN] PackLoader:240 - Cannot read IP mode file for STMicroelectronics.X-CUBE-DISPLAY.3.0.0
2024-04-09 13:02:17,677 [WARN] PackLoader:240 - Cannot read IP mode file for STMicroelectronics.X-CUBE-BLE1.7.0.0
2024-04-09 13:02:17,717 [WARN] PackLoader:240 - Cannot read IP mode file for emotas.I-CUBE-CANOPEN.1.3.0
2024-04-09 13:02:17,778 [WARN] PackLoader:240 - Cannot read IP mode file for STMicroelectronics.X-CUBE-BLEMGR.3.1.0
2024-04-09 13:02:17,827 [WARN] PackLoader:240 - Cannot read IP mode file for STMicroelectronics.FP-SNS-SMARTAG2.1.2.0
2024-04-09 13:02:17,891 [INFO] LogOutputStream:77 - [STDOUT_REDIRECT] 1 : Invalid condition id : UX_CORESTACK_Condition cause : null
2024-04-09 13:02:17,892 [INFO] LogOutputStream:77 - [STDOUT_REDIRECT] 1 : Invalid condition id : UX_CORESTACK_Condition cause : null
2024-04-09 13:02:17,895 [INFO] LogOutputStream:77 - [STDOUT_REDIRECT] 1 : Invalid condition id : UX_CORESTACK_Condition cause : null
2024-04-09 13:02:17,898 [INFO] LogOutputStream:77 - [STDOUT_REDIRECT] 1 : Invalid condition id : UX_CORESTACK_Condition cause : null
2024-04-09 13:02:17,900 [INFO] LogOutputStream:77 - [STDOUT_REDIRECT] 1 : Invalid condition id : UX_CORESTACK_Condition cause : null
2024-04-09 13:02:17,908 [WARN] PackLoader:240 - Cannot read IP mode file for STMicroelectronics.X-CUBE-AZRTOS-WL.2.0.0
2024-04-09 13:02:17,939 [WARN] PackLoader:240 - Cannot read IP mode file for STMicroelectronics.FP-SNS-MOTENV1.5.0.0
2024-04-09 13:02:17,982 [WARN] PackLoader:240 - Cannot read IP mode file for WES.I-CUBE-Cesium.1.3.0
2024-04-09 13:02:18,021 [WARN] PackLoader:240 - Cannot read IP mode file for STMicroelectronics.X-CUBE-BLE2.3.3.0
2024-04-09 13:02:18,031 [WARN] PackLoader:240 - Cannot read IP mode file for STMicroelectronics.X-CUBE-TCPP.4.1.0
2024-04-09 13:02:18,083 [WARN] PackLoader:240 - Cannot read IP mode file for STMicroelectronics.X-CUBE-ALGOBUILD.1.3.0
2024-04-09 13:02:18,212 [WARN] PackLoader:240 - Cannot read IP mode file for STMicroelectronics.X-CUBE-AZRTOS-G0.1.1.0
2024-04-09 13:02:18,263 [WARN] PackLoader:240 - Cannot read IP mode file for STMicroelectronics.X-CUBE-SAFEA1.1.2.2
2024-04-09 13:02:18,334 [WARN] PackLoader:240 - Cannot read IP mode file for STMicroelectronics.X-CUBE-NFC4.3.0.0
2024-04-09 13:02:18,393 [WARN] PackLoader:240 - Cannot read IP mode file for wolfSSL.I-CUBE-wolfSSL.5.7.0
2024-04-09 13:02:18,425 [WARN] PackLoader:240 - Cannot read IP mode file for STMicroelectronics.FP-ATR-SIGFOX1.3.2.0
2024-04-09 13:02:18,473 [WARN] PackLoader:240 - Cannot read IP mode file for STMicroelectronics.X-CUBE-EEPRMA1.5.1.0
2024-04-09 13:02:18,528 [WARN] PackLoader:240 - Cannot read IP mode file for ITTIA_DB.I-CUBE-ITTIADB.8.9.0
2024-04-09 13:02:18,668 [WARN] PackLoader:240 - Cannot read IP mode file for SEGGER.I-CUBE-embOS.1.3.1
2024-04-09 13:02:18,898 [WARN] PackLoader:240 - Cannot read IP mode file for STMicroelectronics.X-CUBE-GNSS1.6.0.0
2024-04-09 13:02:19,019 [WARN] PackLoader:240 - Cannot read IP mode file for STMicroelectronics.X-CUBE-AZRTOS-F4.1.1.0
2024-04-09 13:02:19,107 [WARN] PackLoader:240 - Cannot read IP mode file for STMicroelectronics.X-CUBE-AZRTOS-L5.2.0.0
2024-04-09 13:02:19,182 [WARN] PackLoader:240 - Cannot read IP mode file for STMicroelectronics.X-CUBE-NFC6.3.1.0
2024-04-09 13:02:19,253 [WARN] PackLoader:240 - Cannot read IP mode file for STMicroelectronics.X-CUBE-NFC7.1.0.1
2024-04-09 13:02:19,293 [WARN] PackLoader:240 - Cannot read IP mode file for STMicroelectronics.X-CUBE-AI.8.1.0
2024-04-09 13:02:19,481 [WARN] ConditionMgr:438 - getConditionDescription Invalid condition id : LAN8742 Phy interface Condition cause : null
2024-04-09 13:02:19,483 [WARN] PackLoader:240 - Cannot read IP mode file for STMicroelectronics.X-CUBE-AZRTOS-L4.2.0.0
2024-04-09 13:02:19,487 [WARN] ConditionMgr:1039 - genDependencies : Invalid condition id : LAN8742 Phy interface Condition cause : null
2024-04-09 13:02:19,487 [WARN] ConditionMgr:1039 - genDependencies : Invalid condition id : LAN8742 Phy interface Condition cause : null
2024-04-09 13:02:19,489 [WARN] ConditionMgr:1039 - genDependencies : Invalid condition id : LAN8742 Phy interface Condition cause : null
2024-04-09 13:02:19,541 [WARN] PackLoader:240 - Cannot read IP mode file for STMicroelectronics.X-CUBE-SFXS2LP1.4.0.0
2024-04-09 13:02:19,834 [WARN] ConditionMgr:438 - getConditionDescription Invalid condition id : UX DEVICE CLASS RTOS Condition cause : null
2024-04-09 13:02:19,835 [WARN] ConditionMgr:438 - getConditionDescription Invalid condition id : UX DEVICE CLASS RTOS Condition cause : null
2024-04-09 13:02:19,842 [WARN] PackLoader:240 - Cannot read IP mode file for STMicroelectronics.X-CUBE-AZRTOS-WB.2.0.0
2024-04-09 13:02:19,844 [WARN] ConditionMgr:1039 - genDependencies : Invalid condition id : UX DEVICE CLASS RTOS Condition cause : null
2024-04-09 13:02:19,844 [WARN] ConditionMgr:1039 - genDependencies : Invalid condition id : UX DEVICE CLASS RTOS Condition cause : null
2024-04-09 13:02:19,846 [WARN] ConditionMgr:1039 - genDependencies : Invalid condition id : UX DEVICE CLASS RTOS Condition cause : null
2024-04-09 13:02:19,848 [WARN] ConditionMgr:1039 - genDependencies : Invalid condition id : UX DEVICE CLASS RTOS Condition cause : null
2024-04-09 13:02:19,849 [WARN] ConditionMgr:1039 - genDependencies : Invalid condition id : UX DEVICE CLASS RTOS Condition cause : null
2024-04-09 13:02:19,936 [WARN] PackLoader:240 - Cannot read IP mode file for STMicroelectronics.X-CUBE-SUBG2.5.0.0
2024-04-09 13:02:20,099 [WARN] PackLoader:240 - Cannot read IP mode file for STMicroelectronics.X-CUBE-AZRTOS-G4.2.0.0
2024-04-09 13:02:20,138 [WARN] PackLoader:240 - Cannot read IP mode file for STMicroelectronics.FP-SNS-MOTENVWB1.1.3.1
2024-04-09 13:02:20,174 [WARN] PackLoader:240 - Cannot read IP mode file for STMicroelectronics.X-CUBE-ISPU.2.0.0
2024-04-09 13:02:20,330 [WARN] PackLoader:240 - Cannot read IP mode file for STMicroelectronics.X-CUBE-MEMS1.10.0.0
2024-04-09 13:02:20,704 [WARN] PackLoader:240 - Cannot read IP mode file for STMicroelectronics.X-CUBE-FREERTOS.1.1.0
2024-04-09 13:02:20,758 [WARN] PackLoader:240 - Cannot read IP mode file for portGmbH.I-Cube-SoM-uGOAL.1.1.0
2024-04-09 13:02:20,804 [WARN] PackLoader:240 - Cannot read IP mode file for STMicroelectronics.X-CUBE-ALS.1.0.1
2024-04-09 13:02:20,853 [WARN] PackLoader:240 - Cannot read IP mode file for STMicroelectronics.FP-ATR-ASTRA1.2.0.0
2024-04-09 13:02:20,978 [WARN] PackLoader:240 - Cannot read IP mode file for STMicroelectronics.X-CUBE-TOF1.3.4.1
2024-04-09 13:02:21,079 [WARN] PackLoader:240 - Cannot read IP mode file for STMicroelectronics.X-CUBE-AZRTOS-H7.3.2.0
2024-04-09 13:02:21,148 [WARN] PackLoader:240 - Cannot read IP mode file for Infineon.AIROC-Wi-Fi-Bluetooth-STM32.1.6.0
2024-04-09 13:02:21,155 [INFO] ThirdParty:978 - Integrity check success = true
2024-04-09 13:02:21,155 [INFO] IntegrityCheckThread:100 - exiting critical section [integrity check]
2024-04-09 13:02:21,155 [INFO] IntegrityCheckThread:103 - End integrity checks thread
2024-04-09 13:02:28,399 [INFO] WebApp:161 - Instantiating new browser for Auth
2024-04-09 13:02:29,855 [INFO] WebApp:779 - Register for checkConnection events
2024-04-09 13:02:29,855 [INFO] WebApp:414 - Apply proxy settings
2024-04-09 13:02:29,855 [INFO] WebApp:499 - Chromium requires no authentication
2024-04-09 13:02:29,866 [INFO] WebApp:442 - Direct internet connection detected
2024-04-09 13:02:30,156 [INFO] WebApp:192 - Starting web application
2024-04-09 13:02:30,156 [INFO] WebApp:544 - Web application path used C:\ST\STM32CubeIDE_1.15.0\STM32CubeIDE\plugins\com.st.stm32cube.common.mx_6.11.0.202403141607\db\plugins\mcufinder\reactClient1\index.html
2024-04-09 16:13:24,318 [ERROR] LogOutputStream:75 - [STDERR_REDIRECT] 
2024-04-09 16:15:01,204 [INFO] Activator:176 - 


2024-04-09 16:15:01,222 [INFO] Activator:177 - !SESSION log4j initialized
2024-04-09 16:15:14,569 [INFO] LogOutputStream:77 - [STDOUT_REDIRECT] 
2024-04-09 16:15:24,286 [INFO] ApplicationProperties:184 - Using Application install path: C:\ST\STM32CubeIDE_1.15.0\STM32CubeIDE\plugins\com.st.stm32cube.common.mx_6.11.0.202403141607
2024-04-09 16:15:24,354 [INFO] DbMcusXml:78 - Set database path to: C:\ST\STM32CubeIDE_1.15.0\STM32CubeIDE\plugins\com.st.stm32cube.common.mx_6.11.0.202403141607\\db\/mcu/
2024-04-09 16:15:24,355 [INFO] ApiDb:274 - Set plugin database path to: C:\ST\STM32CubeIDE_1.15.0\STM32CubeIDE\plugins\com.st.stm32cube.common.mx_6.11.0.202403141607\\db\/plugins/boardmanager/
2024-04-09 16:15:24,356 [WARN] ApiDb:259 - Overriding images path with different value:  => C:\ST\STM32CubeIDE_1.15.0\STM32CubeIDE\plugins\com.st.stm32cube.common.mx_6.11.0.202403141607\\db\/plugins/mcufinder/images/
2024-04-09 16:15:24,420 [INFO] ApiDb:250 - Set database path to: C:\Users\nisha\.stmcufinder\plugins\mcufinder//mcu/
2024-04-09 16:15:24,423 [INFO] DbMcusAds:125 - Set database path to: C:\Users\nisha\.stmcufinder\plugins\mcufinder//mcu/
2024-04-09 16:15:24,428 [INFO] CrossReferenceDbSqlite:203 - Set database path to: C:\Users\nisha\.stmcufinder\plugins\mcufinder//mcu/cs/
2024-04-09 16:15:24,819 [INFO] RulesReader:64 - Compatibility file has been processed (297 Rules)
2024-04-09 16:15:25,356 [INFO] DbMcusXml:78 - Set database path to: C:\ST\STM32CubeIDE_1.15.0\STM32CubeIDE\plugins\com.st.stm32cube.common.mx_6.11.0.202403141607\\db\/mcu/
2024-04-09 16:15:25,357 [INFO] ApiDb:274 - Set plugin database path to: C:\ST\STM32CubeIDE_1.15.0\STM32CubeIDE\plugins\com.st.stm32cube.common.mx_6.11.0.202403141607\\db\/plugins/boardmanager/
2024-04-09 16:15:25,357 [INFO] ApiDb:261 - Set plugin images path to: C:\ST\STM32CubeIDE_1.15.0\STM32CubeIDE\plugins\com.st.stm32cube.common.mx_6.11.0.202403141607\\db\/plugins/mcufinder/images/
2024-04-09 16:15:25,358 [WARN] DbFile:41 - Overriding database path with different value: C:\Users\nisha\.stmcufinder\plugins\mcufinder/ => C:\Users\nisha\.stmcufinder\plugins\mcufinder
2024-04-09 16:15:25,358 [INFO] ApiDb:250 - Set database path to: C:\Users\nisha\.stmcufinder\plugins\mcufinder//mcu/
2024-04-09 16:15:25,358 [WARN] DbFile:41 - Overriding database path with different value: C:\Users\nisha\.stmcufinder\plugins\mcufinder/ => C:\Users\nisha\.stmcufinder\plugins\mcufinder
2024-04-09 16:15:25,359 [INFO] DbMcusAds:125 - Set database path to: C:\Users\nisha\.stmcufinder\plugins\mcufinder//mcu/
2024-04-09 16:15:25,360 [WARN] DbFile:41 - Overriding database path with different value: C:\Users\nisha\.stmcufinder\plugins\mcufinder/ => C:\Users\nisha\.stmcufinder\plugins\mcufinder
2024-04-09 16:15:25,361 [WARN] DbFile:41 - Overriding database path with different value: C:\Users\nisha\.stmcufinder\plugins\mcufinder/ => C:\Users\nisha\.stmcufinder\plugins\mcufinder
2024-04-09 16:15:25,361 [INFO] CrossReferenceDbSqlite:203 - Set database path to: C:\Users\nisha\.stmcufinder\plugins\mcufinder//mcu/cs/
2024-04-09 16:15:25,850 [INFO] MainPanel:264 - HeapMemory: 268435456
2024-04-09 16:15:26,499 [INFO] DbMcusXml:78 - Set database path to: C:\ST\STM32CubeIDE_1.15.0\STM32CubeIDE\plugins\com.st.stm32cube.common.mx_6.11.0.202403141607\\db\/mcu/
2024-04-09 16:15:26,499 [INFO] ApiDb:274 - Set plugin database path to: C:\ST\STM32CubeIDE_1.15.0\STM32CubeIDE\plugins\com.st.stm32cube.common.mx_6.11.0.202403141607\\db\/plugins/boardmanager/
2024-04-09 16:15:26,500 [INFO] ApiDb:261 - Set plugin images path to: C:\ST\STM32CubeIDE_1.15.0\STM32CubeIDE\plugins\com.st.stm32cube.common.mx_6.11.0.202403141607\\db\/plugins/mcufinder/images/
2024-04-09 16:15:26,500 [WARN] DbFile:41 - Overriding database path with different value: C:\Users\nisha\.stmcufinder\plugins\mcufinder/ => C:\Users\nisha\.stmcufinder\plugins\mcufinder
2024-04-09 16:15:26,500 [INFO] ApiDb:250 - Set database path to: C:\Users\nisha\.stmcufinder\plugins\mcufinder//mcu/
2024-04-09 16:15:26,500 [WARN] DbFile:41 - Overriding database path with different value: C:\Users\nisha\.stmcufinder\plugins\mcufinder/ => C:\Users\nisha\.stmcufinder\plugins\mcufinder
2024-04-09 16:15:26,501 [INFO] DbMcusAds:125 - Set database path to: C:\Users\nisha\.stmcufinder\plugins\mcufinder//mcu/
2024-04-09 16:15:26,501 [WARN] DbFile:41 - Overriding database path with different value: C:\Users\nisha\.stmcufinder\plugins\mcufinder/ => C:\Users\nisha\.stmcufinder\plugins\mcufinder
2024-04-09 16:15:26,501 [WARN] DbFile:41 - Overriding database path with different value: C:\Users\nisha\.stmcufinder\plugins\mcufinder/ => C:\Users\nisha\.stmcufinder\plugins\mcufinder
2024-04-09 16:15:26,501 [INFO] CrossReferenceDbSqlite:203 - Set database path to: C:\Users\nisha\.stmcufinder\plugins\mcufinder//mcu/cs/
2024-04-09 16:15:26,578 [INFO] ApplicationProperties:184 - Using Application install path: C:\ST\STM32CubeIDE_1.15.0\STM32CubeIDE\plugins\com.st.stm32cube.common.mx_6.11.0.202403141607
2024-04-09 16:15:26,603 [INFO] PluginManage:196 - Search for loadable plugins [exclusion list=, ]
2024-04-09 16:15:26,613 [INFO] PluginManage:310 - Check plugin analytics
2024-04-09 16:15:31,824 [INFO] AnalyticsPlugin:253 - Accepted Software Licenses: 
2024-04-09 16:15:31,825 [INFO] AnalyticsPlugin:255 - Accepted CMSIS Pack Licenses: 
2024-04-09 16:15:31,825 [INFO] AnalyticsPlugin:257 - Accepted Firmware Licenses: 
2024-04-09 16:15:31,832 [INFO] PluginManage:359 - Loaded plugin analytics (category:tool,tabindex:-1)
2024-04-09 16:15:31,833 [INFO] PluginManage:310 - Check plugin cadmodel
2024-04-09 16:15:31,863 [INFO] CADModel:105 - Init CAD model plugin
2024-04-09 16:15:31,864 [INFO] PluginManage:359 - Loaded plugin cadmodel (category:power,tabindex:5)
2024-04-09 16:15:31,865 [INFO] PluginManage:310 - Check plugin clock
2024-04-09 16:15:31,894 [INFO] PluginManage:359 - Loaded plugin clock (category:base,tabindex:2)
2024-04-09 16:15:31,895 [INFO] PluginManage:310 - Check plugin ddr
2024-04-09 16:15:31,903 [INFO] PluginManage:359 - Loaded plugin ddr (category:tool,tabindex:6)
2024-04-09 16:15:31,904 [INFO] PluginManage:310 - Check plugin filemanager
2024-04-09 16:15:32,392 [INFO] PluginManage:359 - Loaded plugin filemanager (category:base,tabindex:10)
2024-04-09 16:15:32,393 [INFO] PluginManage:310 - Check plugin ipmanager
2024-04-09 16:15:32,423 [INFO] PluginManage:359 - Loaded plugin ipmanager (category:base,tabindex:5)
2024-04-09 16:15:32,424 [INFO] PluginManage:310 - Check plugin lpbam
2024-04-09 16:15:32,474 [INFO] PluginManage:359 - Loaded plugin lpbam (category:base,tabindex:0)
2024-04-09 16:15:32,475 [INFO] PluginManage:310 - Check plugin memorymap
2024-04-09 16:15:32,535 [INFO] PluginManage:359 - Loaded plugin memorymap (category:base,tabindex:4)
2024-04-09 16:15:32,536 [INFO] PluginManage:310 - Check plugin pinoutandconfiguration
2024-04-09 16:15:32,557 [INFO] PluginManage:359 - Loaded plugin pinoutandconfiguration (category:base,tabindex:1)
2024-04-09 16:15:32,558 [INFO] PluginManage:310 - Check plugin pinoutconfig
2024-04-09 16:15:32,928 [WARN] SupportedApi:132 - Cannot load RTOS API schema: s4s-elt-must-match.1: The content of 'definitions' must match (annotation?, (simpleType | complexType)?, (unique | key | keyref)*)). A problem was found starting at: attribute.
2024-04-09 16:15:33,411 [INFO] PluginManage:359 - Loaded plugin pinoutconfig (category:base,tabindex:0)
2024-04-09 16:15:33,411 [INFO] PluginManage:310 - Check plugin power
2024-04-09 16:15:33,457 [INFO] PluginManage:359 - Loaded plugin power (category:power,tabindex:4)
2024-04-09 16:15:33,457 [INFO] PluginManage:310 - Check plugin projectmanager
2024-04-09 16:15:33,502 [INFO] PluginManage:359 - Loaded plugin projectmanager (category:projectmanager,tabindex:3)
2024-04-09 16:15:33,503 [INFO] PluginManage:310 - Check plugin thirdparty
2024-04-09 16:15:34,076 [INFO] PluginManage:359 - Loaded plugin thirdparty (category:base,tabindex:-1)
2024-04-09 16:15:34,077 [INFO] PluginManage:310 - Check plugin tools
2024-04-09 16:15:34,083 [INFO] PluginManage:359 - Loaded plugin tools (category:base,tabindex:7)
2024-04-09 16:15:34,076 [WARN] IntegrityCheckThread:84 - waiting for thirdparty lock release [integrity check]
2024-04-09 16:15:34,084 [INFO] IntegrityCheckThread:86 - entering critical section [integrity check]
2024-04-09 16:15:34,085 [INFO] PluginManage:310 - Check plugin tutovideos
2024-04-09 16:15:34,089 [INFO] ThirdPartyUpdaterWithRetryManager:70 - Updater plugin not ready yet. [1/15]
2024-04-09 16:15:34,588 [INFO] PluginManage:359 - Loaded plugin tutovideos (category:base,tabindex:-1)
2024-04-09 16:15:34,588 [INFO] PluginManage:310 - Check plugin updater
2024-04-09 16:15:34,628 [INFO] PluginManage:359 - Loaded plugin updater (category:base,tabindex:12)
2024-04-09 16:15:34,629 [INFO] PluginManage:310 - Check plugin userauth
2024-04-09 16:15:34,649 [INFO] UserAuth:114 - Init User Auth plugin
2024-04-09 16:15:34,649 [INFO] PluginManage:359 - Loaded plugin userauth (category:base,tabindex:14)
2024-04-09 16:15:34,651 [INFO] PluginManage:283 - PluginManage : Loaded plugins [17]
2024-04-09 16:15:35,742 [INFO] PinOutPanel:1561 - setPackage(No Configuration,No Configuration)
2024-04-09 16:15:36,166 [INFO] CADModel:165 - CPN selected for project level
2024-04-09 16:15:36,166 [INFO] CADModel:114 - Register for checkConnection events
2024-04-09 16:15:36,214 [INFO] IPUIPlugin:80 - create IPUIPlugin
2024-04-09 16:15:36,215 [INFO] PluginManager:220 - loadIPPluginJar : add adc
2024-04-09 16:15:36,222 [INFO] IPUIPlugin:80 - create IPUIPlugin
2024-04-09 16:15:36,223 [INFO] PluginManager:220 - loadIPPluginJar : add aes
2024-04-09 16:15:36,230 [INFO] IPUIPlugin:80 - create IPUIPlugin
2024-04-09 16:15:36,230 [INFO] PluginManager:220 - loadIPPluginJar : add can
2024-04-09 16:15:36,234 [INFO] IPUIPlugin:80 - create IPUIPlugin
2024-04-09 16:15:36,235 [INFO] PluginManager:220 - loadIPPluginJar : add comp
2024-04-09 16:15:36,240 [INFO] IPUIPlugin:80 - create IPUIPlugin
2024-04-09 16:15:36,240 [INFO] PluginManager:220 - loadIPPluginJar : add cryp
2024-04-09 16:15:36,245 [INFO] IPUIPlugin:80 - create IPUIPlugin
2024-04-09 16:15:36,246 [INFO] PluginManager:220 - loadIPPluginJar : add dfsdm
2024-04-09 16:15:36,255 [INFO] IPUIPlugin:80 - create IPUIPlugin
2024-04-09 16:15:36,256 [INFO] PluginManager:220 - loadIPPluginJar : add dma
2024-04-09 16:15:36,261 [INFO] IPUIPlugin:80 - create IPUIPlugin
2024-04-09 16:15:36,262 [INFO] PluginManager:220 - loadIPPluginJar : add dma3
2024-04-09 16:15:36,267 [INFO] IPUIPlugin:80 - create IPUIPlugin
2024-04-09 16:15:36,267 [INFO] PluginManager:220 - loadIPPluginJar : add extmemmanager
2024-04-09 16:15:36,271 [INFO] IPUIPlugin:80 - create IPUIPlugin
2024-04-09 16:15:36,271 [INFO] PluginManager:220 - loadIPPluginJar : add fatfs
2024-04-09 16:15:36,280 [INFO] IPUIPlugin:80 - create IPUIPlugin
2024-04-09 16:15:36,280 [INFO] PluginManager:220 - loadIPPluginJar : add fmc
2024-04-09 16:15:36,289 [INFO] IPUIPlugin:80 - create IPUIPlugin
2024-04-09 16:15:36,289 [INFO] PluginManager:220 - loadIPPluginJar : add freertos
2024-04-09 16:15:36,292 [INFO] IPUIPlugin:80 - create IPUIPlugin
2024-04-09 16:15:36,292 [INFO] PluginManager:220 - loadIPPluginJar : add genericplugin
2024-04-09 16:15:36,298 [INFO] IPUIPlugin:80 - create IPUIPlugin
2024-04-09 16:15:36,298 [INFO] PluginManager:220 - loadIPPluginJar : add gfxmmu
2024-04-09 16:15:36,308 [INFO] IPUIPlugin:80 - create IPUIPlugin
2024-04-09 16:15:36,309 [INFO] PluginManager:220 - loadIPPluginJar : add gic
2024-04-09 16:15:36,318 [INFO] IPUIPlugin:80 - create IPUIPlugin
2024-04-09 16:15:36,319 [INFO] PluginManager:220 - loadIPPluginJar : add gpio
2024-04-09 16:15:36,326 [INFO] IPUIPlugin:80 - create IPUIPlugin
2024-04-09 16:15:36,326 [INFO] PluginManager:220 - loadIPPluginJar : add gtzc
2024-04-09 16:15:36,332 [INFO] IPUIPlugin:80 - create IPUIPlugin
2024-04-09 16:15:36,333 [INFO] PluginManager:220 - loadIPPluginJar : add hash
2024-04-09 16:15:36,340 [INFO] IPUIPlugin:80 - create IPUIPlugin
2024-04-09 16:15:36,340 [INFO] PluginManager:220 - loadIPPluginJar : add i2c
2024-04-09 16:15:36,347 [INFO] IPUIPlugin:80 - create IPUIPlugin
2024-04-09 16:15:36,347 [INFO] PluginManager:220 - loadIPPluginJar : add i2s
2024-04-09 16:15:36,353 [INFO] IPUIPlugin:80 - create IPUIPlugin
2024-04-09 16:15:36,354 [INFO] PluginManager:220 - loadIPPluginJar : add i3c
2024-04-09 16:15:36,385 [INFO] IPUIPlugin:80 - create IPUIPlugin
2024-04-09 16:15:36,386 [INFO] PluginManager:220 - loadIPPluginJar : add ipddr
2024-04-09 16:15:36,413 [INFO] IPUIPlugin:80 - create IPUIPlugin
2024-04-09 16:15:36,414 [INFO] PluginManager:220 - loadIPPluginJar : add linkedlist
2024-04-09 16:15:36,419 [INFO] IPUIPlugin:80 - create IPUIPlugin
2024-04-09 16:15:36,420 [INFO] PluginManager:220 - loadIPPluginJar : add lorawan
2024-04-09 16:15:36,423 [INFO] IPUIPlugin:80 - create IPUIPlugin
2024-04-09 16:15:36,423 [INFO] PluginManager:220 - loadIPPluginJar : add ltdc
2024-04-09 16:15:36,436 [INFO] IPUIPlugin:80 - create IPUIPlugin
2024-04-09 16:15:36,437 [INFO] PluginManager:220 - loadIPPluginJar : add mdma
2024-04-09 16:15:36,444 [INFO] IPUIPlugin:80 - create IPUIPlugin
2024-04-09 16:15:36,444 [INFO] PluginManager:220 - loadIPPluginJar : add nvic
2024-04-09 16:15:36,452 [INFO] IPUIPlugin:80 - create IPUIPlugin
2024-04-09 16:15:36,452 [INFO] PluginManager:220 - loadIPPluginJar : add opamp
2024-04-09 16:15:36,460 [INFO] IPUIPlugin:80 - create IPUIPlugin
2024-04-09 16:15:36,460 [INFO] PluginManager:220 - loadIPPluginJar : add openamp
2024-04-09 16:15:36,468 [INFO] IPUIPlugin:80 - create IPUIPlugin
2024-04-09 16:15:36,469 [INFO] PluginManager:220 - loadIPPluginJar : add pdm2pcm
2024-04-09 16:15:36,484 [INFO] IPUIPlugin:80 - create IPUIPlugin
2024-04-09 16:15:36,490 [INFO] PluginManager:220 - loadIPPluginJar : add plateformsettings
2024-04-09 16:15:36,494 [INFO] IPUIPlugin:80 - create IPUIPlugin
2024-04-09 16:15:36,495 [INFO] PluginManager:220 - loadIPPluginJar : add quadspi
2024-04-09 16:15:36,502 [INFO] IPUIPlugin:80 - create IPUIPlugin
2024-04-09 16:15:36,502 [INFO] PluginManager:220 - loadIPPluginJar : add resmgrutility
2024-04-09 16:15:36,511 [INFO] IPUIPlugin:80 - create IPUIPlugin
2024-04-09 16:15:36,511 [INFO] PluginManager:220 - loadIPPluginJar : add sai
2024-04-09 16:15:36,517 [INFO] IPUIPlugin:80 - create IPUIPlugin
2024-04-09 16:15:36,518 [INFO] PluginManager:220 - loadIPPluginJar : add spi
2024-04-09 16:15:36,530 [INFO] IPUIPlugin:80 - create IPUIPlugin
2024-04-09 16:15:36,531 [INFO] PluginManager:220 - loadIPPluginJar : add stm32_wpan
2024-04-09 16:15:36,535 [INFO] IPUIPlugin:80 - create IPUIPlugin
2024-04-09 16:15:36,536 [INFO] PluginManager:220 - loadIPPluginJar : add tim
2024-04-09 16:15:36,544 [INFO] IPUIPlugin:80 - create IPUIPlugin
2024-04-09 16:15:36,544 [INFO] PluginManager:220 - loadIPPluginJar : add touchsensing
2024-04-09 16:15:36,550 [INFO] IPUIPlugin:80 - create IPUIPlugin
2024-04-09 16:15:36,550 [INFO] PluginManager:220 - loadIPPluginJar : add tracer_emb
2024-04-09 16:15:36,555 [INFO] IPUIPlugin:80 - create IPUIPlugin
2024-04-09 16:15:36,556 [INFO] PluginManager:220 - loadIPPluginJar : add ts
2024-04-09 16:15:36,561 [INFO] IPUIPlugin:80 - create IPUIPlugin
2024-04-09 16:15:36,561 [INFO] PluginManager:220 - loadIPPluginJar : add tsc
2024-04-09 16:15:36,567 [INFO] IPUIPlugin:80 - create IPUIPlugin
2024-04-09 16:15:36,568 [INFO] PluginManager:220 - loadIPPluginJar : add ucpd
2024-04-09 16:15:36,575 [INFO] IPUIPlugin:80 - create IPUIPlugin
2024-04-09 16:15:36,575 [INFO] PluginManager:220 - loadIPPluginJar : add usart
2024-04-09 16:15:36,582 [INFO] IPUIPlugin:80 - create IPUIPlugin
2024-04-09 16:15:36,582 [INFO] PluginManager:220 - loadIPPluginJar : add usbx
2024-04-09 16:15:36,876 [INFO] CADModel:165 - CPN selected for project level
2024-04-09 16:15:36,876 [INFO] CADModel:114 - Register for checkConnection events
2024-04-09 16:15:36,877 [FATAL] Updater:308 - Updater called before beeing initialized
2024-04-09 16:15:36,878 [ERROR] CADModel:125 - Updater not yet initialized, retry later 
2024-04-09 16:15:37,091 [INFO] ThirdPartyUpdaterWithRetryManager:70 - Updater plugin not ready yet. [2/15]
2024-04-09 16:15:37,503 [INFO] CADModel:165 - CPN selected for project level
2024-04-09 16:15:37,503 [INFO] CADModel:114 - Register for checkConnection events
2024-04-09 16:15:37,503 [FATAL] Updater:308 - Updater called before beeing initialized
2024-04-09 16:15:37,504 [ERROR] CADModel:125 - Updater not yet initialized, retry later 
2024-04-09 16:15:37,510 [FATAL] Updater:308 - Updater called before beeing initialized
2024-04-09 16:15:37,857 [FATAL] Updater:308 - Updater called before beeing initialized
2024-04-09 16:15:37,868 [INFO] DbMcusAds:53 - JSON generation date=Wed Nov 29 16:22:27 IST 2023 (1701255147349)
2024-04-09 16:15:37,868 [FATAL] Updater:308 - Updater called before beeing initialized
2024-04-09 16:15:38,086 [WARN] DetailPanel:346 - Failed to get advertising image, set to default
2024-04-09 16:15:38,334 [FATAL] Updater:308 - Updater called before beeing initialized
2024-04-09 16:15:38,353 [FATAL] Updater:308 - Updater called before beeing initialized
2024-04-09 16:15:38,353 [FATAL] Updater:308 - Updater called before beeing initialized
2024-04-09 16:15:38,354 [WARN] DetailPanel:346 - Failed to get advertising image, set to default
2024-04-09 16:15:38,357 [FATAL] Updater:308 - Updater called before beeing initialized
2024-04-09 16:15:38,532 [ERROR] Updater:1120 - MainUpdater not yet initialized. External WinMGr cannot be set.
2024-04-09 16:15:38,550 [INFO] Updater:1056 - Updater Version found : 6.11.0
2024-04-09 16:15:38,592 [INFO] ApplicationProperties:184 - Using Application install path: C:\ST\STM32CubeIDE_1.15.0\STM32CubeIDE\plugins\com.st.stm32cube.common.mx_6.11.0.202403141607
2024-04-09 16:15:40,092 [FATAL] Updater:308 - Updater called before beeing initialized
2024-04-09 16:15:40,094 [ERROR] IntegrityCheckThread:130 - Cannot retrieve database content from updater: error 21
2024-04-09 16:15:40,096 [INFO] ThirdParty:978 - Integrity check success = false
2024-04-09 16:15:40,096 [INFO] IntegrityCheckThread:100 - exiting critical section [integrity check]
2024-04-09 16:15:40,097 [INFO] IntegrityCheckThread:103 - End integrity checks thread
2024-04-09 16:15:40,195 [ERROR] LogOutputStream:75 - [STDERR_REDIRECT] Apr 09, 2024 4:15:40 PM java.util.prefs.WindowsPreferences <init>
2024-04-09 16:15:40,203 [ERROR] LogOutputStream:75 - [STDERR_REDIRECT] WARNING: Could not open/create prefs root node Software\JavaSoft\Prefs at root 0xffffffff80000002. Windows RegCreateKeyEx(...) returned error code 5.
2024-04-09 16:15:40,204 [ERROR] LogOutputStream:75 - [STDERR_REDIRECT] 
2024-04-09 16:15:40,854 [INFO] MainUpdater:2873 - connection check result : 10
2024-04-09 16:15:40,856 [INFO] MainUpdater:290 - Updater Check For Update Now.
2024-04-09 16:15:40,856 [INFO] MicroXplorer:498 - Change Database Version : DB.6.0.110
2024-04-09 16:15:40,881 [INFO] McuFinderGlobals:63 - Set McuFinder mode to 2 (CubeIDE integrated)
2024-04-09 16:15:40,882 [INFO] UserAuth:179 - activating auth plugin
2024-04-09 16:15:40,901 [INFO] UserAuth:415 - Internet connection configuration mode: 1
2024-04-09 16:15:41,137 [INFO] JxBrowserEngine:152 - Initiate JxBrowser Engine with user profile folder
2024-04-09 16:15:41,389 [INFO] CheckServerUpdateThread:120 - End of CheckServer Thread
2024-04-09 16:15:48,182 [INFO] WebApp:161 - Instantiating new browser for Auth
2024-04-09 16:15:53,723 [INFO] WebApp:779 - Register for checkConnection events
2024-04-09 16:15:53,723 [INFO] WebApp:414 - Apply proxy settings
2024-04-09 16:15:53,725 [INFO] WebApp:499 - Chromium requires no authentication
2024-04-09 16:15:53,742 [INFO] WebApp:442 - Direct internet connection detected
2024-04-09 16:15:55,415 [INFO] WebApp:192 - Starting web application
2024-04-09 16:15:55,416 [INFO] WebApp:544 - Web application path used C:\ST\STM32CubeIDE_1.15.0\STM32CubeIDE\plugins\com.st.stm32cube.common.mx_6.11.0.202403141607\db\plugins\mcufinder\reactClient1\index.html
2024-04-09 16:17:48,171 [ERROR] LogOutputStream:75 - [STDERR_REDIRECT] 
2024-04-09 16:17:48,174 [ERROR] LogOutputStream:75 - [STDERR_REDIRECT] 
2024-04-09 16:18:02,046 [INFO] Activator:176 - 


2024-04-09 16:18:02,050 [INFO] Activator:177 - !SESSION log4j initialized
2024-04-09 16:18:12,344 [INFO] LogOutputStream:77 - [STDOUT_REDIRECT] 
2024-04-09 16:18:18,919 [INFO] ApplicationProperties:184 - Using Application install path: C:\ST\STM32CubeIDE_1.15.0\STM32CubeIDE\plugins\com.st.stm32cube.common.mx_6.11.0.202403141607
2024-04-09 16:18:18,956 [INFO] DbMcusXml:78 - Set database path to: C:\ST\STM32CubeIDE_1.15.0\STM32CubeIDE\plugins\com.st.stm32cube.common.mx_6.11.0.202403141607\\db\/mcu/
2024-04-09 16:18:18,957 [INFO] ApiDb:274 - Set plugin database path to: C:\ST\STM32CubeIDE_1.15.0\STM32CubeIDE\plugins\com.st.stm32cube.common.mx_6.11.0.202403141607\\db\/plugins/boardmanager/
2024-04-09 16:18:18,958 [WARN] ApiDb:259 - Overriding images path with different value:  => C:\ST\STM32CubeIDE_1.15.0\STM32CubeIDE\plugins\com.st.stm32cube.common.mx_6.11.0.202403141607\\db\/plugins/mcufinder/images/
2024-04-09 16:18:18,974 [INFO] ApiDb:250 - Set database path to: C:\Users\nisha\.stmcufinder\plugins\mcufinder//mcu/
2024-04-09 16:18:18,976 [INFO] DbMcusAds:125 - Set database path to: C:\Users\nisha\.stmcufinder\plugins\mcufinder//mcu/
2024-04-09 16:18:18,982 [INFO] CrossReferenceDbSqlite:203 - Set database path to: C:\Users\nisha\.stmcufinder\plugins\mcufinder//mcu/cs/
2024-04-09 16:18:19,302 [INFO] RulesReader:64 - Compatibility file has been processed (297 Rules)
2024-04-09 16:18:19,522 [INFO] DbMcusXml:78 - Set database path to: C:\ST\STM32CubeIDE_1.15.0\STM32CubeIDE\plugins\com.st.stm32cube.common.mx_6.11.0.202403141607\\db\/mcu/
2024-04-09 16:18:19,523 [INFO] ApiDb:274 - Set plugin database path to: C:\ST\STM32CubeIDE_1.15.0\STM32CubeIDE\plugins\com.st.stm32cube.common.mx_6.11.0.202403141607\\db\/plugins/boardmanager/
2024-04-09 16:18:19,523 [INFO] ApiDb:261 - Set plugin images path to: C:\ST\STM32CubeIDE_1.15.0\STM32CubeIDE\plugins\com.st.stm32cube.common.mx_6.11.0.202403141607\\db\/plugins/mcufinder/images/
2024-04-09 16:18:19,524 [WARN] DbFile:41 - Overriding database path with different value: C:\Users\nisha\.stmcufinder\plugins\mcufinder/ => C:\Users\nisha\.stmcufinder\plugins\mcufinder
2024-04-09 16:18:19,524 [INFO] ApiDb:250 - Set database path to: C:\Users\nisha\.stmcufinder\plugins\mcufinder//mcu/
2024-04-09 16:18:19,524 [WARN] DbFile:41 - Overriding database path with different value: C:\Users\nisha\.stmcufinder\plugins\mcufinder/ => C:\Users\nisha\.stmcufinder\plugins\mcufinder
2024-04-09 16:18:19,524 [INFO] DbMcusAds:125 - Set database path to: C:\Users\nisha\.stmcufinder\plugins\mcufinder//mcu/
2024-04-09 16:18:19,524 [WARN] DbFile:41 - Overriding database path with different value: C:\Users\nisha\.stmcufinder\plugins\mcufinder/ => C:\Users\nisha\.stmcufinder\plugins\mcufinder
2024-04-09 16:18:19,524 [WARN] DbFile:41 - Overriding database path with different value: C:\Users\nisha\.stmcufinder\plugins\mcufinder/ => C:\Users\nisha\.stmcufinder\plugins\mcufinder
2024-04-09 16:18:19,525 [INFO] CrossReferenceDbSqlite:203 - Set database path to: C:\Users\nisha\.stmcufinder\plugins\mcufinder//mcu/cs/
2024-04-09 16:18:19,691 [INFO] MainPanel:264 - HeapMemory: 268435456
2024-04-09 16:18:19,859 [INFO] DbMcusXml:78 - Set database path to: C:\ST\STM32CubeIDE_1.15.0\STM32CubeIDE\plugins\com.st.stm32cube.common.mx_6.11.0.202403141607\\db\/mcu/
2024-04-09 16:18:19,859 [INFO] ApiDb:274 - Set plugin database path to: C:\ST\STM32CubeIDE_1.15.0\STM32CubeIDE\plugins\com.st.stm32cube.common.mx_6.11.0.202403141607\\db\/plugins/boardmanager/
2024-04-09 16:18:19,860 [INFO] ApiDb:261 - Set plugin images path to: C:\ST\STM32CubeIDE_1.15.0\STM32CubeIDE\plugins\com.st.stm32cube.common.mx_6.11.0.202403141607\\db\/plugins/mcufinder/images/
2024-04-09 16:18:19,861 [WARN] DbFile:41 - Overriding database path with different value: C:\Users\nisha\.stmcufinder\plugins\mcufinder/ => C:\Users\nisha\.stmcufinder\plugins\mcufinder
2024-04-09 16:18:19,861 [INFO] ApiDb:250 - Set database path to: C:\Users\nisha\.stmcufinder\plugins\mcufinder//mcu/
2024-04-09 16:18:19,861 [WARN] DbFile:41 - Overriding database path with different value: C:\Users\nisha\.stmcufinder\plugins\mcufinder/ => C:\Users\nisha\.stmcufinder\plugins\mcufinder
2024-04-09 16:18:19,861 [INFO] DbMcusAds:125 - Set database path to: C:\Users\nisha\.stmcufinder\plugins\mcufinder//mcu/
2024-04-09 16:18:19,862 [WARN] DbFile:41 - Overriding database path with different value: C:\Users\nisha\.stmcufinder\plugins\mcufinder/ => C:\Users\nisha\.stmcufinder\plugins\mcufinder
2024-04-09 16:18:19,862 [WARN] DbFile:41 - Overriding database path with different value: C:\Users\nisha\.stmcufinder\plugins\mcufinder/ => C:\Users\nisha\.stmcufinder\plugins\mcufinder
2024-04-09 16:18:19,862 [INFO] CrossReferenceDbSqlite:203 - Set database path to: C:\Users\nisha\.stmcufinder\plugins\mcufinder//mcu/cs/
2024-04-09 16:18:19,902 [INFO] ApplicationProperties:184 - Using Application install path: C:\ST\STM32CubeIDE_1.15.0\STM32CubeIDE\plugins\com.st.stm32cube.common.mx_6.11.0.202403141607
2024-04-09 16:18:19,905 [INFO] PluginManage:196 - Search for loadable plugins [exclusion list=, ]
2024-04-09 16:18:19,908 [INFO] PluginManage:310 - Check plugin analytics
2024-04-09 16:18:24,956 [INFO] AnalyticsPlugin:253 - Accepted Software Licenses: 
2024-04-09 16:18:24,956 [INFO] AnalyticsPlugin:255 - Accepted CMSIS Pack Licenses: 
2024-04-09 16:18:24,957 [INFO] AnalyticsPlugin:257 - Accepted Firmware Licenses: 
2024-04-09 16:18:24,964 [INFO] PluginManage:359 - Loaded plugin analytics (category:tool,tabindex:-1)
2024-04-09 16:18:24,967 [INFO] PluginManage:310 - Check plugin cadmodel
2024-04-09 16:18:24,977 [INFO] CADModel:105 - Init CAD model plugin
2024-04-09 16:18:24,977 [INFO] PluginManage:359 - Loaded plugin cadmodel (category:power,tabindex:5)
2024-04-09 16:18:24,978 [INFO] PluginManage:310 - Check plugin clock
2024-04-09 16:18:24,995 [INFO] PluginManage:359 - Loaded plugin clock (category:base,tabindex:2)
2024-04-09 16:18:24,996 [INFO] PluginManage:310 - Check plugin ddr
2024-04-09 16:18:24,999 [INFO] PluginManage:359 - Loaded plugin ddr (category:tool,tabindex:6)
2024-04-09 16:18:24,999 [INFO] PluginManage:310 - Check plugin filemanager
2024-04-09 16:18:25,323 [INFO] PluginManage:359 - Loaded plugin filemanager (category:base,tabindex:10)
2024-04-09 16:18:25,324 [INFO] PluginManage:310 - Check plugin ipmanager
2024-04-09 16:18:25,337 [INFO] PluginManage:359 - Loaded plugin ipmanager (category:base,tabindex:5)
2024-04-09 16:18:25,338 [INFO] PluginManage:310 - Check plugin lpbam
2024-04-09 16:18:25,354 [INFO] PluginManage:359 - Loaded plugin lpbam (category:base,tabindex:0)
2024-04-09 16:18:25,355 [INFO] PluginManage:310 - Check plugin memorymap
2024-04-09 16:18:25,379 [INFO] PluginManage:359 - Loaded plugin memorymap (category:base,tabindex:4)
2024-04-09 16:18:25,379 [INFO] PluginManage:310 - Check plugin pinoutandconfiguration
2024-04-09 16:18:25,392 [INFO] PluginManage:359 - Loaded plugin pinoutandconfiguration (category:base,tabindex:1)
2024-04-09 16:18:25,393 [INFO] PluginManage:310 - Check plugin pinoutconfig
2024-04-09 16:18:25,607 [WARN] SupportedApi:132 - Cannot load RTOS API schema: s4s-elt-must-match.1: The content of 'definitions' must match (annotation?, (simpleType | complexType)?, (unique | key | keyref)*)). A problem was found starting at: attribute.
2024-04-09 16:18:25,900 [INFO] PluginManage:359 - Loaded plugin pinoutconfig (category:base,tabindex:0)
2024-04-09 16:18:25,901 [INFO] PluginManage:310 - Check plugin power
2024-04-09 16:18:25,925 [INFO] PluginManage:359 - Loaded plugin power (category:power,tabindex:4)
2024-04-09 16:18:25,926 [INFO] PluginManage:310 - Check plugin projectmanager
2024-04-09 16:18:25,971 [INFO] PluginManage:359 - Loaded plugin projectmanager (category:projectmanager,tabindex:3)
2024-04-09 16:18:25,972 [INFO] PluginManage:310 - Check plugin thirdparty
2024-04-09 16:18:26,416 [INFO] PluginManage:359 - Loaded plugin thirdparty (category:base,tabindex:-1)
2024-04-09 16:18:26,418 [INFO] PluginManage:310 - Check plugin tools
2024-04-09 16:18:26,416 [WARN] IntegrityCheckThread:84 - waiting for thirdparty lock release [integrity check]
2024-04-09 16:18:26,425 [INFO] PluginManage:359 - Loaded plugin tools (category:base,tabindex:7)
2024-04-09 16:18:26,426 [INFO] IntegrityCheckThread:86 - entering critical section [integrity check]
2024-04-09 16:18:26,426 [INFO] PluginManage:310 - Check plugin tutovideos
2024-04-09 16:18:26,432 [INFO] ThirdPartyUpdaterWithRetryManager:70 - Updater plugin not ready yet. [1/15]
2024-04-09 16:18:26,839 [INFO] PluginManage:359 - Loaded plugin tutovideos (category:base,tabindex:-1)
2024-04-09 16:18:26,840 [INFO] PluginManage:310 - Check plugin updater
2024-04-09 16:18:26,860 [INFO] PluginManage:359 - Loaded plugin updater (category:base,tabindex:12)
2024-04-09 16:18:26,861 [INFO] PluginManage:310 - Check plugin userauth
2024-04-09 16:18:26,873 [INFO] UserAuth:114 - Init User Auth plugin
2024-04-09 16:18:26,873 [INFO] PluginManage:359 - Loaded plugin userauth (category:base,tabindex:14)
2024-04-09 16:18:26,874 [INFO] PluginManage:283 - PluginManage : Loaded plugins [17]
2024-04-09 16:18:27,380 [INFO] PinOutPanel:1561 - setPackage(No Configuration,No Configuration)
2024-04-09 16:18:27,552 [INFO] CADModel:165 - CPN selected for project level
2024-04-09 16:18:27,553 [INFO] CADModel:114 - Register for checkConnection events
2024-04-09 16:18:27,586 [INFO] IPUIPlugin:80 - create IPUIPlugin
2024-04-09 16:18:27,586 [INFO] PluginManager:220 - loadIPPluginJar : add adc
2024-04-09 16:18:27,591 [INFO] IPUIPlugin:80 - create IPUIPlugin
2024-04-09 16:18:27,592 [INFO] PluginManager:220 - loadIPPluginJar : add aes
2024-04-09 16:18:27,599 [INFO] IPUIPlugin:80 - create IPUIPlugin
2024-04-09 16:18:27,599 [INFO] PluginManager:220 - loadIPPluginJar : add can
2024-04-09 16:18:27,603 [INFO] IPUIPlugin:80 - create IPUIPlugin
2024-04-09 16:18:27,604 [INFO] PluginManager:220 - loadIPPluginJar : add comp
2024-04-09 16:18:27,610 [INFO] IPUIPlugin:80 - create IPUIPlugin
2024-04-09 16:18:27,611 [INFO] PluginManager:220 - loadIPPluginJar : add cryp
2024-04-09 16:18:27,618 [INFO] IPUIPlugin:80 - create IPUIPlugin
2024-04-09 16:18:27,618 [INFO] PluginManager:220 - loadIPPluginJar : add dfsdm
2024-04-09 16:18:27,629 [INFO] IPUIPlugin:80 - create IPUIPlugin
2024-04-09 16:18:27,631 [INFO] PluginManager:220 - loadIPPluginJar : add dma
2024-04-09 16:18:27,636 [INFO] IPUIPlugin:80 - create IPUIPlugin
2024-04-09 16:18:27,636 [INFO] PluginManager:220 - loadIPPluginJar : add dma3
2024-04-09 16:18:27,642 [INFO] IPUIPlugin:80 - create IPUIPlugin
2024-04-09 16:18:27,642 [INFO] PluginManager:220 - loadIPPluginJar : add extmemmanager
2024-04-09 16:18:27,646 [INFO] IPUIPlugin:80 - create IPUIPlugin
2024-04-09 16:18:27,646 [INFO] PluginManager:220 - loadIPPluginJar : add fatfs
2024-04-09 16:18:27,655 [INFO] IPUIPlugin:80 - create IPUIPlugin
2024-04-09 16:18:27,655 [INFO] PluginManager:220 - loadIPPluginJar : add fmc
2024-04-09 16:18:27,668 [INFO] IPUIPlugin:80 - create IPUIPlugin
2024-04-09 16:18:27,668 [INFO] PluginManager:220 - loadIPPluginJar : add freertos
2024-04-09 16:18:27,672 [INFO] IPUIPlugin:80 - create IPUIPlugin
2024-04-09 16:18:27,672 [INFO] PluginManager:220 - loadIPPluginJar : add genericplugin
2024-04-09 16:18:27,678 [INFO] IPUIPlugin:80 - create IPUIPlugin
2024-04-09 16:18:27,679 [INFO] PluginManager:220 - loadIPPluginJar : add gfxmmu
2024-04-09 16:18:27,689 [INFO] IPUIPlugin:80 - create IPUIPlugin
2024-04-09 16:18:27,689 [INFO] PluginManager:220 - loadIPPluginJar : add gic
2024-04-09 16:18:27,696 [INFO] IPUIPlugin:80 - create IPUIPlugin
2024-04-09 16:18:27,697 [INFO] PluginManager:220 - loadIPPluginJar : add gpio
2024-04-09 16:18:27,702 [INFO] IPUIPlugin:80 - create IPUIPlugin
2024-04-09 16:18:27,702 [INFO] PluginManager:220 - loadIPPluginJar : add gtzc
2024-04-09 16:18:27,708 [INFO] IPUIPlugin:80 - create IPUIPlugin
2024-04-09 16:18:27,708 [INFO] PluginManager:220 - loadIPPluginJar : add hash
2024-04-09 16:18:27,713 [INFO] IPUIPlugin:80 - create IPUIPlugin
2024-04-09 16:18:27,714 [INFO] PluginManager:220 - loadIPPluginJar : add i2c
2024-04-09 16:18:27,720 [INFO] IPUIPlugin:80 - create IPUIPlugin
2024-04-09 16:18:27,721 [INFO] PluginManager:220 - loadIPPluginJar : add i2s
2024-04-09 16:18:27,727 [INFO] IPUIPlugin:80 - create IPUIPlugin
2024-04-09 16:18:27,727 [INFO] PluginManager:220 - loadIPPluginJar : add i3c
2024-04-09 16:18:27,734 [INFO] IPUIPlugin:80 - create IPUIPlugin
2024-04-09 16:18:27,735 [INFO] PluginManager:220 - loadIPPluginJar : add ipddr
2024-04-09 16:18:27,748 [INFO] IPUIPlugin:80 - create IPUIPlugin
2024-04-09 16:18:27,748 [INFO] PluginManager:220 - loadIPPluginJar : add linkedlist
2024-04-09 16:18:27,754 [INFO] IPUIPlugin:80 - create IPUIPlugin
2024-04-09 16:18:27,754 [INFO] PluginManager:220 - loadIPPluginJar : add lorawan
2024-04-09 16:18:27,757 [INFO] IPUIPlugin:80 - create IPUIPlugin
2024-04-09 16:18:27,758 [INFO] PluginManager:220 - loadIPPluginJar : add ltdc
2024-04-09 16:18:27,772 [INFO] IPUIPlugin:80 - create IPUIPlugin
2024-04-09 16:18:27,772 [INFO] PluginManager:220 - loadIPPluginJar : add mdma
2024-04-09 16:18:27,779 [INFO] IPUIPlugin:80 - create IPUIPlugin
2024-04-09 16:18:27,780 [INFO] PluginManager:220 - loadIPPluginJar : add nvic
2024-04-09 16:18:27,786 [INFO] IPUIPlugin:80 - create IPUIPlugin
2024-04-09 16:18:27,787 [INFO] PluginManager:220 - loadIPPluginJar : add opamp
2024-04-09 16:18:27,793 [INFO] IPUIPlugin:80 - create IPUIPlugin
2024-04-09 16:18:27,794 [INFO] PluginManager:220 - loadIPPluginJar : add openamp
2024-04-09 16:18:27,801 [INFO] IPUIPlugin:80 - create IPUIPlugin
2024-04-09 16:18:27,802 [INFO] PluginManager:220 - loadIPPluginJar : add pdm2pcm
2024-04-09 16:18:27,818 [INFO] IPUIPlugin:80 - create IPUIPlugin
2024-04-09 16:18:27,825 [INFO] PluginManager:220 - loadIPPluginJar : add plateformsettings
2024-04-09 16:18:27,830 [INFO] IPUIPlugin:80 - create IPUIPlugin
2024-04-09 16:18:27,830 [INFO] PluginManager:220 - loadIPPluginJar : add quadspi
2024-04-09 16:18:27,837 [INFO] IPUIPlugin:80 - create IPUIPlugin
2024-04-09 16:18:27,838 [INFO] PluginManager:220 - loadIPPluginJar : add resmgrutility
2024-04-09 16:18:27,844 [INFO] IPUIPlugin:80 - create IPUIPlugin
2024-04-09 16:18:27,844 [INFO] PluginManager:220 - loadIPPluginJar : add sai
2024-04-09 16:18:27,850 [INFO] IPUIPlugin:80 - create IPUIPlugin
2024-04-09 16:18:27,850 [INFO] PluginManager:220 - loadIPPluginJar : add spi
2024-04-09 16:18:27,860 [INFO] IPUIPlugin:80 - create IPUIPlugin
2024-04-09 16:18:27,860 [INFO] PluginManager:220 - loadIPPluginJar : add stm32_wpan
2024-04-09 16:18:27,863 [INFO] IPUIPlugin:80 - create IPUIPlugin
2024-04-09 16:18:27,864 [INFO] PluginManager:220 - loadIPPluginJar : add tim
2024-04-09 16:18:27,870 [INFO] IPUIPlugin:80 - create IPUIPlugin
2024-04-09 16:18:27,870 [INFO] PluginManager:220 - loadIPPluginJar : add touchsensing
2024-04-09 16:18:27,874 [INFO] IPUIPlugin:80 - create IPUIPlugin
2024-04-09 16:18:27,874 [INFO] PluginManager:220 - loadIPPluginJar : add tracer_emb
2024-04-09 16:18:27,880 [INFO] IPUIPlugin:80 - create IPUIPlugin
2024-04-09 16:18:27,880 [INFO] PluginManager:220 - loadIPPluginJar : add ts
2024-04-09 16:18:27,884 [INFO] IPUIPlugin:80 - create IPUIPlugin
2024-04-09 16:18:27,884 [INFO] PluginManager:220 - loadIPPluginJar : add tsc
2024-04-09 16:18:27,889 [INFO] IPUIPlugin:80 - create IPUIPlugin
2024-04-09 16:18:27,889 [INFO] PluginManager:220 - loadIPPluginJar : add ucpd
2024-04-09 16:18:27,896 [INFO] IPUIPlugin:80 - create IPUIPlugin
2024-04-09 16:18:27,897 [INFO] PluginManager:220 - loadIPPluginJar : add usart
2024-04-09 16:18:27,904 [INFO] IPUIPlugin:80 - create IPUIPlugin
2024-04-09 16:18:27,905 [INFO] PluginManager:220 - loadIPPluginJar : add usbx
2024-04-09 16:18:28,136 [INFO] CADModel:165 - CPN selected for project level
2024-04-09 16:18:28,136 [INFO] CADModel:114 - Register for checkConnection events
2024-04-09 16:18:28,137 [FATAL] Updater:308 - Updater called before beeing initialized
2024-04-09 16:18:28,137 [ERROR] CADModel:125 - Updater not yet initialized, retry later 
2024-04-09 16:18:28,429 [INFO] CADModel:165 - CPN selected for project level
2024-04-09 16:18:28,429 [INFO] CADModel:114 - Register for checkConnection events
2024-04-09 16:18:28,430 [FATAL] Updater:308 - Updater called before beeing initialized
2024-04-09 16:18:28,430 [ERROR] CADModel:125 - Updater not yet initialized, retry later 
2024-04-09 16:18:28,439 [FATAL] Updater:308 - Updater called before beeing initialized
2024-04-09 16:18:28,728 [FATAL] Updater:308 - Updater called before beeing initialized
2024-04-09 16:18:28,740 [INFO] DbMcusAds:53 - JSON generation date=Wed Nov 29 16:22:27 IST 2023 (1701255147349)
2024-04-09 16:18:28,741 [FATAL] Updater:308 - Updater called before beeing initialized
2024-04-09 16:18:28,828 [WARN] DetailPanel:346 - Failed to get advertising image, set to default
2024-04-09 16:18:29,051 [FATAL] Updater:308 - Updater called before beeing initialized
2024-04-09 16:18:29,054 [FATAL] Updater:308 - Updater called before beeing initialized
2024-04-09 16:18:29,055 [FATAL] Updater:308 - Updater called before beeing initialized
2024-04-09 16:18:29,055 [WARN] DetailPanel:346 - Failed to get advertising image, set to default
2024-04-09 16:18:29,056 [FATAL] Updater:308 - Updater called before beeing initialized
2024-04-09 16:18:29,199 [ERROR] Updater:1120 - MainUpdater not yet initialized. External WinMGr cannot be set.
2024-04-09 16:18:29,216 [INFO] Updater:1056 - Updater Version found : 6.11.0
2024-04-09 16:18:29,262 [INFO] ApplicationProperties:184 - Using Application install path: C:\ST\STM32CubeIDE_1.15.0\STM32CubeIDE\plugins\com.st.stm32cube.common.mx_6.11.0.202403141607
2024-04-09 16:18:29,433 [INFO] ThirdPartyUpdaterWithRetryManager:70 - Updater plugin not ready yet. [2/15]
2024-04-09 16:18:30,914 [ERROR] LogOutputStream:75 - [STDERR_REDIRECT] Apr 09, 2024 4:18:30 PM java.util.prefs.WindowsPreferences <init>
2024-04-09 16:18:30,926 [ERROR] LogOutputStream:75 - [STDERR_REDIRECT] WARNING: Could not open/create prefs root node Software\JavaSoft\Prefs at root 0xffffffff80000002. Windows RegCreateKeyEx(...) returned error code 5.
2024-04-09 16:18:30,927 [ERROR] LogOutputStream:75 - [STDERR_REDIRECT] 
2024-04-09 16:18:32,069 [INFO] MainUpdater:2873 - connection check result : 10
2024-04-09 16:18:32,071 [INFO] MainUpdater:290 - Updater Check For Update Now.
2024-04-09 16:18:32,071 [INFO] MicroXplorer:498 - Change Database Version : DB.6.0.110
2024-04-09 16:18:32,098 [INFO] McuFinderGlobals:63 - Set McuFinder mode to 2 (CubeIDE integrated)
2024-04-09 16:18:32,098 [INFO] UserAuth:179 - activating auth plugin
2024-04-09 16:18:32,145 [INFO] UserAuth:415 - Internet connection configuration mode: 1
2024-04-09 16:18:32,198 [INFO] JxBrowserEngine:152 - Initiate JxBrowser Engine with user profile folder
2024-04-09 16:18:32,442 [WARN] MainUpdater:1194 - Updater busy. Cannot search thirdparties
2024-04-09 16:18:32,443 [INFO] ThirdPartyUpdaterWithRetryManager:96 - Updater plugin is busy. [1/15]
2024-04-09 16:18:32,508 [INFO] CheckServerUpdateThread:120 - End of CheckServer Thread
2024-04-09 16:18:33,721 [INFO] WebApp:161 - Instantiating new browser for Auth
2024-04-09 16:18:36,697 [INFO] WebApp:779 - Register for checkConnection events
2024-04-09 16:18:36,698 [INFO] WebApp:414 - Apply proxy settings
2024-04-09 16:18:36,698 [INFO] WebApp:499 - Chromium requires no authentication
2024-04-09 16:18:36,715 [INFO] WebApp:442 - Direct internet connection detected
2024-04-09 16:18:37,069 [INFO] WebApp:192 - Starting web application
2024-04-09 16:18:37,069 [INFO] WebApp:544 - Web application path used C:\ST\STM32CubeIDE_1.15.0\STM32CubeIDE\plugins\com.st.stm32cube.common.mx_6.11.0.202403141607\db\plugins\mcufinder\reactClient1\index.html
2024-04-09 16:18:37,896 [WARN] PackLoader:240 - Cannot read IP mode file for STMicroelectronics.X-CUBE-SMBUS.2.1.0
2024-04-09 16:18:38,000 [WARN] PackLoader:240 - Cannot read IP mode file for STMicroelectronics.X-CUBE-TOUCHGFX.4.23.2
2024-04-09 16:18:38,264 [WARN] PackLoader:240 - Cannot read IP mode file for STMicroelectronics.X-CUBE-AZRTOS-F7.1.1.0
2024-04-09 16:18:38,314 [WARN] PackLoader:240 - Cannot read IP mode file for STMicroelectronics.FP-SNS-FLIGHT1.5.0.2
2024-04-09 16:18:38,417 [WARN] PackLoader:240 - Cannot read IP mode file for STMicroelectronics.X-CUBE-DISPLAY.3.0.0
2024-04-09 16:18:38,553 [WARN] PackLoader:240 - Cannot read IP mode file for STMicroelectronics.X-CUBE-BLE1.7.0.0
2024-04-09 16:18:38,628 [WARN] PackLoader:240 - Cannot read IP mode file for emotas.I-CUBE-CANOPEN.1.3.0
2024-04-09 16:18:38,724 [WARN] PackLoader:240 - Cannot read IP mode file for STMicroelectronics.X-CUBE-BLEMGR.3.1.0
2024-04-09 16:18:38,947 [WARN] PackLoader:240 - Cannot read IP mode file for STMicroelectronics.FP-SNS-SMARTAG2.1.2.0
2024-04-09 16:18:39,125 [INFO] LogOutputStream:77 - [STDOUT_REDIRECT] 1 : Invalid condition id : UX_CORESTACK_Condition cause : null
2024-04-09 16:18:39,127 [INFO] LogOutputStream:77 - [STDOUT_REDIRECT] 1 : Invalid condition id : UX_CORESTACK_Condition cause : null
2024-04-09 16:18:39,131 [INFO] LogOutputStream:77 - [STDOUT_REDIRECT] 1 : Invalid condition id : UX_CORESTACK_Condition cause : null
2024-04-09 16:18:39,138 [INFO] LogOutputStream:77 - [STDOUT_REDIRECT] 1 : Invalid condition id : UX_CORESTACK_Condition cause : null
2024-04-09 16:18:39,142 [INFO] LogOutputStream:77 - [STDOUT_REDIRECT] 1 : Invalid condition id : UX_CORESTACK_Condition cause : null
2024-04-09 16:18:39,156 [WARN] PackLoader:240 - Cannot read IP mode file for STMicroelectronics.X-CUBE-AZRTOS-WL.2.0.0
2024-04-09 16:18:39,256 [WARN] PackLoader:240 - Cannot read IP mode file for STMicroelectronics.FP-SNS-MOTENV1.5.0.0
2024-04-09 16:18:39,345 [WARN] PackLoader:240 - Cannot read IP mode file for WES.I-CUBE-Cesium.1.3.0
2024-04-09 16:18:39,428 [WARN] PackLoader:240 - Cannot read IP mode file for STMicroelectronics.X-CUBE-BLE2.3.3.0
2024-04-09 16:18:39,524 [WARN] PackLoader:240 - Cannot read IP mode file for STMicroelectronics.X-CUBE-TCPP.4.1.0
2024-04-09 16:18:39,612 [WARN] PackLoader:240 - Cannot read IP mode file for STMicroelectronics.X-CUBE-ALGOBUILD.1.3.0
2024-04-09 16:18:39,792 [WARN] PackLoader:240 - Cannot read IP mode file for STMicroelectronics.X-CUBE-AZRTOS-G0.1.1.0
2024-04-09 16:18:39,847 [WARN] PackLoader:240 - Cannot read IP mode file for STMicroelectronics.X-CUBE-SAFEA1.1.2.2
2024-04-09 16:18:39,887 [WARN] PackLoader:240 - Cannot read IP mode file for STMicroelectronics.X-CUBE-NFC4.3.0.0
2024-04-09 16:18:39,933 [WARN] PackLoader:240 - Cannot read IP mode file for wolfSSL.I-CUBE-wolfSSL.5.7.0
2024-04-09 16:18:39,949 [WARN] PackLoader:240 - Cannot read IP mode file for STMicroelectronics.FP-ATR-SIGFOX1.3.2.0
2024-04-09 16:18:39,972 [WARN] PackLoader:240 - Cannot read IP mode file for STMicroelectronics.X-CUBE-EEPRMA1.5.1.0
2024-04-09 16:18:40,002 [WARN] PackLoader:240 - Cannot read IP mode file for ITTIA_DB.I-CUBE-ITTIADB.8.9.0
2024-04-09 16:18:40,091 [WARN] PackLoader:240 - Cannot read IP mode file for SEGGER.I-CUBE-embOS.1.3.1
2024-04-09 16:18:40,292 [WARN] PackLoader:240 - Cannot read IP mode file for STMicroelectronics.X-CUBE-GNSS1.6.0.0
2024-04-09 16:18:40,361 [WARN] PackLoader:240 - Cannot read IP mode file for STMicroelectronics.X-CUBE-AZRTOS-F4.1.1.0
2024-04-09 16:18:40,417 [WARN] PackLoader:240 - Cannot read IP mode file for STMicroelectronics.X-CUBE-AZRTOS-L5.2.0.0
2024-04-09 16:18:40,447 [WARN] PackLoader:240 - Cannot read IP mode file for STMicroelectronics.X-CUBE-NFC6.3.1.0
2024-04-09 16:18:40,466 [WARN] PackLoader:240 - Cannot read IP mode file for STMicroelectronics.X-CUBE-NFC7.1.0.1
2024-04-09 16:18:40,483 [WARN] PackLoader:240 - Cannot read IP mode file for STMicroelectronics.X-CUBE-AI.8.1.0
2024-04-09 16:18:40,524 [WARN] ConditionMgr:438 - getConditionDescription Invalid condition id : LAN8742 Phy interface Condition cause : null
2024-04-09 16:18:40,526 [WARN] PackLoader:240 - Cannot read IP mode file for STMicroelectronics.X-CUBE-AZRTOS-L4.2.0.0
2024-04-09 16:18:40,528 [WARN] ConditionMgr:1039 - genDependencies : Invalid condition id : LAN8742 Phy interface Condition cause : null
2024-04-09 16:18:40,529 [WARN] ConditionMgr:1039 - genDependencies : Invalid condition id : LAN8742 Phy interface Condition cause : null
2024-04-09 16:18:40,530 [WARN] ConditionMgr:1039 - genDependencies : Invalid condition id : LAN8742 Phy interface Condition cause : null
2024-04-09 16:18:40,551 [WARN] PackLoader:240 - Cannot read IP mode file for STMicroelectronics.X-CUBE-SFXS2LP1.4.0.0
2024-04-09 16:18:40,627 [WARN] ConditionMgr:438 - getConditionDescription Invalid condition id : UX DEVICE CLASS RTOS Condition cause : null
2024-04-09 16:18:40,628 [WARN] ConditionMgr:438 - getConditionDescription Invalid condition id : UX DEVICE CLASS RTOS Condition cause : null
2024-04-09 16:18:40,636 [WARN] PackLoader:240 - Cannot read IP mode file for STMicroelectronics.X-CUBE-AZRTOS-WB.2.0.0
2024-04-09 16:18:40,637 [WARN] ConditionMgr:1039 - genDependencies : Invalid condition id : UX DEVICE CLASS RTOS Condition cause : null
2024-04-09 16:18:40,638 [WARN] ConditionMgr:1039 - genDependencies : Invalid condition id : UX DEVICE CLASS RTOS Condition cause : null
2024-04-09 16:18:40,640 [WARN] ConditionMgr:1039 - genDependencies : Invalid condition id : UX DEVICE CLASS RTOS Condition cause : null
2024-04-09 16:18:40,641 [WARN] ConditionMgr:1039 - genDependencies : Invalid condition id : UX DEVICE CLASS RTOS Condition cause : null
2024-04-09 16:18:40,641 [WARN] ConditionMgr:1039 - genDependencies : Invalid condition id : UX DEVICE CLASS RTOS Condition cause : null
2024-04-09 16:18:40,674 [WARN] PackLoader:240 - Cannot read IP mode file for STMicroelectronics.X-CUBE-SUBG2.5.0.0
2024-04-09 16:18:40,730 [WARN] PackLoader:240 - Cannot read IP mode file for STMicroelectronics.X-CUBE-AZRTOS-G4.2.0.0
2024-04-09 16:18:40,757 [WARN] PackLoader:240 - Cannot read IP mode file for STMicroelectronics.FP-SNS-MOTENVWB1.1.3.1
2024-04-09 16:18:40,779 [WARN] PackLoader:240 - Cannot read IP mode file for STMicroelectronics.X-CUBE-ISPU.2.0.0
2024-04-09 16:18:40,873 [WARN] PackLoader:240 - Cannot read IP mode file for STMicroelectronics.X-CUBE-MEMS1.10.0.0
2024-04-09 16:18:41,552 [WARN] PackLoader:240 - Cannot read IP mode file for STMicroelectronics.X-CUBE-FREERTOS.1.1.0
2024-04-09 16:18:41,579 [WARN] PackLoader:240 - Cannot read IP mode file for portGmbH.I-Cube-SoM-uGOAL.1.1.0
2024-04-09 16:18:41,604 [WARN] PackLoader:240 - Cannot read IP mode file for STMicroelectronics.X-CUBE-ALS.1.0.1
2024-04-09 16:18:41,625 [WARN] PackLoader:240 - Cannot read IP mode file for STMicroelectronics.FP-ATR-ASTRA1.2.0.0
2024-04-09 16:18:41,674 [WARN] PackLoader:240 - Cannot read IP mode file for STMicroelectronics.X-CUBE-TOF1.3.4.1
2024-04-09 16:18:41,751 [WARN] PackLoader:240 - Cannot read IP mode file for STMicroelectronics.X-CUBE-AZRTOS-H7.3.2.0
2024-04-09 16:18:41,808 [WARN] PackLoader:240 - Cannot read IP mode file for Infineon.AIROC-Wi-Fi-Bluetooth-STM32.1.6.0
2024-04-09 16:18:41,817 [INFO] ThirdParty:978 - Integrity check success = true
2024-04-09 16:18:41,817 [INFO] IntegrityCheckThread:100 - exiting critical section [integrity check]
2024-04-09 16:18:41,817 [INFO] IntegrityCheckThread:103 - End integrity checks thread
